2023-08-19 05:01:40.219 [info] Log level: Info
2023-08-19 05:01:40.219 [info] Validating found git in: "git"
2023-08-19 05:01:40.219 [info] Using git "2.41.0" from "git"
2023-08-19 05:01:40.219 [info] > git rev-parse --show-toplevel [69ms]
2023-08-19 05:01:40.219 [info] fatal: not a git repository (or any parent up to mount point /)
Stopping at filesystem boundary (GIT_DISCOVERY_ACROSS_FILESYSTEM not set).
2023-08-19 05:01:40.219 [info] > git rev-parse --show-toplevel [8ms]
2023-08-19 05:01:40.219 [info] fatal: not a git repository (or any parent up to mount point /)
Stopping at filesystem boundary (GIT_DISCOVERY_ACROSS_FILESYSTEM not set).
2023-08-19 05:01:40.227 [info] > git rev-parse --show-toplevel [2ms]
2023-08-19 05:01:40.227 [info] fatal: not a git repository (or any parent up to mount point /)
Stopping at filesystem boundary (GIT_DISCOVERY_ACROSS_FILESYSTEM not set).
2023-08-19 05:01:40.236 [info] > git rev-parse --show-toplevel [2ms]
2023-08-19 05:01:40.236 [info] fatal: not a git repository (or any parent up to mount point /)
Stopping at filesystem boundary (GIT_DISCOVERY_ACROSS_FILESYSTEM not set).
2023-08-19 05:01:40.250 [info] > git rev-parse --show-toplevel [9ms]
2023-08-19 05:01:40.250 [info] fatal: not a git repository (or any parent up to mount point /)
Stopping at filesystem boundary (GIT_DISCOVERY_ACROSS_FILESYSTEM not set).
2023-08-19 05:01:40.260 [info] > git rev-parse --show-toplevel [1ms]
2023-08-19 05:01:40.260 [info] fatal: not a git repository (or any parent up to mount point /)
Stopping at filesystem boundary (GIT_DISCOVERY_ACROSS_FILESYSTEM not set).
2023-08-19 05:01:42.043 [info] > git rev-parse --show-toplevel [943ms]
2023-08-19 05:01:42.043 [info] fatal: not a git repository (or any parent up to mount point /)
Stopping at filesystem boundary (GIT_DISCOVERY_ACROSS_FILESYSTEM not set).
2023-08-19 05:01:42.415 [info] > git rev-parse --show-toplevel [274ms]
2023-08-19 05:01:42.415 [info] fatal: not a git repository (or any parent up to mount point /)
Stopping at filesystem boundary (GIT_DISCOVERY_ACROSS_FILESYSTEM not set).
2023-08-19 05:01:42.595 [info] > git rev-parse --show-toplevel [106ms]
2023-08-19 05:01:42.595 [info] fatal: not a git repository (or any parent up to mount point /)
Stopping at filesystem boundary (GIT_DISCOVERY_ACROSS_FILESYSTEM not set).
2023-08-19 05:01:42.811 [info] > git rev-parse --show-toplevel [194ms]
2023-08-19 05:01:42.811 [info] fatal: not a git repository (or any parent up to mount point /)
Stopping at filesystem boundary (GIT_DISCOVERY_ACROSS_FILESYSTEM not set).
2023-08-19 05:01:42.842 [info] > git rev-parse --show-toplevel [2ms]
2023-08-19 05:01:42.842 [info] fatal: not a git repository (or any parent up to mount point /)
Stopping at filesystem boundary (GIT_DISCOVERY_ACROSS_FILESYSTEM not set).
2023-08-19 05:01:42.913 [info] > git rev-parse --show-toplevel [41ms]
2023-08-19 05:01:42.913 [info] fatal: not a git repository (or any parent up to mount point /)
Stopping at filesystem boundary (GIT_DISCOVERY_ACROSS_FILESYSTEM not set).
2023-08-19 05:01:42.927 [info] > git rev-parse --show-toplevel [2ms]
2023-08-19 05:01:43.028 [info] > git rev-parse --git-dir --git-common-dir [84ms]
2023-08-19 05:01:43.052 [info] Open repository: /home/developercode/.oh-my-zsh
2023-08-19 05:01:43.093 [info] > git config --get commit.template [26ms]
2023-08-19 05:01:43.097 [info] > git rev-parse --show-toplevel [20ms]
2023-08-19 05:01:43.097 [info] fatal: not a git repository (or any parent up to mount point /)
Stopping at filesystem boundary (GIT_DISCOVERY_ACROSS_FILESYSTEM not set).
2023-08-19 05:01:43.301 [info] > git for-each-ref --format=%(refname)%00%(upstream:short)%00%(objectname)%00%(upstream:track)%00%(upstream:remotename)%00%(upstream:remoteref) refs/heads/master refs/remotes/master [192ms]
2023-08-19 05:01:43.329 [info] > git rev-parse --show-toplevel [66ms]
2023-08-19 05:01:43.329 [info] fatal: not a git repository (or any parent up to mount point /)
Stopping at filesystem boundary (GIT_DISCOVERY_ACROSS_FILESYSTEM not set).
2023-08-19 05:01:43.355 [info] > git status -z -uall [41ms]
2023-08-19 05:01:43.355 [info] > git rev-parse --show-toplevel [6ms]
2023-08-19 05:01:43.355 [info] fatal: not a git repository (or any parent up to mount point /)
Stopping at filesystem boundary (GIT_DISCOVERY_ACROSS_FILESYSTEM not set).
2023-08-19 05:01:43.406 [info] > git config --get commit.template [20ms]
2023-08-19 05:01:43.425 [info] > git rev-parse --show-toplevel [20ms]
2023-08-19 05:01:43.425 [info] fatal: not a git repository (or any parent up to mount point /)
Stopping at filesystem boundary (GIT_DISCOVERY_ACROSS_FILESYSTEM not set).
2023-08-19 05:01:43.434 [info] > git for-each-ref --format=%(refname)%00%(upstream:short)%00%(objectname)%00%(upstream:track)%00%(upstream:remotename)%00%(upstream:remoteref) refs/heads/master refs/remotes/master [10ms]
2023-08-19 05:01:43.474 [info] > git status -z -uall [32ms]
2023-08-19 05:01:43.480 [info] > git rev-parse --show-toplevel [26ms]
2023-08-19 05:01:43.480 [info] fatal: not a git repository (or any parent up to mount point /)
Stopping at filesystem boundary (GIT_DISCOVERY_ACROSS_FILESYSTEM not set).
2023-08-19 05:01:43.571 [info] > git rev-parse --show-toplevel [51ms]
2023-08-19 05:01:43.571 [info] fatal: not a git repository (or any parent up to mount point /)
Stopping at filesystem boundary (GIT_DISCOVERY_ACROSS_FILESYSTEM not set).
2023-08-19 05:01:43.634 [info] > git rev-parse --show-toplevel [46ms]
2023-08-19 05:01:43.754 [info] > git rev-parse --git-dir --git-common-dir [105ms]
2023-08-19 05:01:43.776 [info] Open repository: /home/developercode/archlinux-themes-sddm
2023-08-19 05:01:43.791 [info] > git fetch [739ms]
2023-08-19 05:01:43.791 [info] From https://github.com/ohmyzsh/ohmyzsh
   fd219a9..b81915d  master     -> origin/master
2023-08-19 05:01:43.811 [info] > git config --get commit.template [23ms]
2023-08-19 05:01:43.831 [info] > git config --get commit.template [26ms]
2023-08-19 05:01:43.922 [info] > git rev-parse --show-toplevel [99ms]
2023-08-19 05:01:43.994 [info] > git for-each-ref --format=%(refname)%00%(upstream:short)%00%(objectname)%00%(upstream:track)%00%(upstream:remotename)%00%(upstream:remoteref) refs/heads/master refs/remotes/master [153ms]
2023-08-19 05:01:44.011 [info] > git for-each-ref --format=%(refname)%00%(upstream:short)%00%(objectname)%00%(upstream:track)%00%(upstream:remotename)%00%(upstream:remoteref) refs/heads/master refs/remotes/master [73ms]
2023-08-19 05:01:44.059 [info] > git status -z -uall [54ms]
2023-08-19 05:01:44.059 [info] > git status -z -uall [35ms]
2023-08-19 05:01:44.104 [info] > git rev-parse --git-dir --git-common-dir [66ms]
2023-08-19 05:01:44.126 [info] Open repository: /home/developercode/dotfiles
2023-08-19 05:01:44.194 [info] > git config --get commit.template [108ms]
2023-08-19 05:01:44.229 [info] > git config --get commit.template [81ms]
2023-08-19 05:01:44.304 [info] > git for-each-ref --format=%(refname)%00%(upstream:short)%00%(objectname)%00%(upstream:track)%00%(upstream:remotename)%00%(upstream:remoteref) refs/heads/master refs/remotes/master [62ms]
2023-08-19 05:01:44.344 [info] > git rev-parse --show-toplevel [45ms]
2023-08-19 05:01:44.345 [info] > git for-each-ref --format=%(refname)%00%(upstream:short)%00%(objectname)%00%(upstream:track)%00%(upstream:remotename)%00%(upstream:remoteref) refs/heads/master refs/remotes/master [59ms]
2023-08-19 05:01:44.362 [info] > git status -z -uall [44ms]
2023-08-19 05:01:44.451 [info] > git status -z -uall [94ms]
2023-08-19 05:01:44.451 [info] > git rev-parse --git-dir --git-common-dir [67ms]
2023-08-19 05:01:44.469 [info] Open repository: /home/developercode/lightdm-evo
2023-08-19 05:01:44.515 [info] > git config --get commit.template [33ms]
2023-08-19 05:01:44.533 [info] > git config --get commit.template [21ms]
2023-08-19 05:01:44.751 [info] > git for-each-ref --format=%(refname)%00%(upstream:short)%00%(objectname)%00%(upstream:track)%00%(upstream:remotename)%00%(upstream:remoteref) refs/heads/main refs/remotes/main [201ms]
2023-08-19 05:01:44.781 [info] > git for-each-ref --format=%(refname)%00%(upstream:short)%00%(objectname)%00%(upstream:track)%00%(upstream:remotename)%00%(upstream:remoteref) refs/heads/master refs/remotes/master [96ms]
2023-08-19 05:01:44.797 [info] > git rev-parse --show-toplevel [123ms]
2023-08-19 05:01:44.849 [info] > git status -z -uall [79ms]
2023-08-19 05:01:44.895 [info] > git status -z -uall [99ms]
2023-08-19 05:01:44.951 [info] > git config --get commit.template [57ms]
2023-08-19 05:01:45.013 [info] > git for-each-ref --format=%(refname)%00%(upstream:short)%00%(objectname)%00%(upstream:track)%00%(upstream:remotename)%00%(upstream:remoteref) refs/heads/main refs/remotes/main [34ms]
2023-08-19 05:01:45.027 [info] > git rev-parse --git-dir --git-common-dir [61ms]
2023-08-19 05:01:45.055 [info] Open repository: /home/developercode/rofi
2023-08-19 05:01:45.115 [info] > git status -z -uall [87ms]
2023-08-19 05:01:45.158 [info] > git config --get commit.template [78ms]
2023-08-19 05:01:45.158 [info] > git fetch [1032ms]
2023-08-19 05:01:45.158 [info] From https://github.com/antoniosarosi/dotfiles
 * [new branch]      nvim-lua   -> origin/nvim-lua
2023-08-19 05:01:45.204 [info] > git config --get commit.template [29ms]
2023-08-19 05:01:45.205 [info] > git for-each-ref --format=%(refname)%00%(upstream:short)%00%(objectname)%00%(upstream:track)%00%(upstream:remotename)%00%(upstream:remoteref) refs/heads/main refs/remotes/main [15ms]
2023-08-19 05:01:45.287 [info] > git status -z -uall [67ms]
2023-08-19 05:01:45.287 [info] > git fetch [819ms]
2023-08-19 05:01:45.322 [info] > git for-each-ref --format=%(refname)%00%(upstream:short)%00%(objectname)%00%(upstream:track)%00%(upstream:remotename)%00%(upstream:remoteref) refs/heads/master refs/remotes/master [78ms]
2023-08-19 05:01:45.342 [info] > git rev-parse --show-toplevel [108ms]
2023-08-19 05:01:45.342 [info] fatal: not a git repository (or any parent up to mount point /)
Stopping at filesystem boundary (GIT_DISCOVERY_ACROSS_FILESYSTEM not set).
2023-08-19 05:01:45.410 [info] > git status -z -uall [69ms]
2023-08-19 05:01:45.410 [info] > git config --get commit.template [98ms]
2023-08-19 05:01:45.410 [info] > git fetch [1635ms]
2023-08-19 05:01:45.460 [info] > git config --get commit.template [91ms]
2023-08-19 05:01:45.498 [info] > git config --get commit.template [66ms]
2023-08-19 05:01:45.523 [info] > git for-each-ref --format=%(refname)%00%(upstream:short)%00%(objectname)%00%(upstream:track)%00%(upstream:remotename)%00%(upstream:remoteref) refs/heads/main refs/remotes/main [41ms]
2023-08-19 05:01:45.623 [info] > git status -z -uall [84ms]
2023-08-19 05:01:45.626 [info] > git for-each-ref --format=%(refname)%00%(upstream:short)%00%(objectname)%00%(upstream:track)%00%(upstream:remotename)%00%(upstream:remoteref) refs/heads/main refs/remotes/main [105ms]
2023-08-19 05:01:45.648 [info] > git for-each-ref --format=%(refname)%00%(upstream:short)%00%(objectname)%00%(upstream:track)%00%(upstream:remotename)%00%(upstream:remoteref) refs/heads/master refs/remotes/master [72ms]
2023-08-19 05:01:45.669 [info] > git fetch [615ms]
2023-08-19 05:01:45.730 [info] > git status -z -uall [86ms] (cancelled)
2023-08-19 05:01:45.730 [info] > git status -z -uall [62ms]
2023-08-19 05:01:45.825 [info] > git config --get commit.template [113ms]
2023-08-19 05:01:45.825 [info] > git rev-parse --show-toplevel [132ms]
2023-08-19 05:01:46.040 [info] > git for-each-ref --format=%(refname)%00%(upstream:short)%00%(objectname)%00%(upstream:track)%00%(upstream:remotename)%00%(upstream:remoteref) refs/heads/main refs/remotes/main [139ms]
2023-08-19 05:01:46.093 [info] > git status -z -uall [41ms]
2023-08-19 05:01:46.237 [info] > git rev-parse --show-toplevel [67ms]
2023-08-19 05:01:46.549 [info] > git rev-parse --show-toplevel [33ms]
2023-08-19 05:01:46.549 [info] fatal: not a git repository (or any parent up to mount point /)
Stopping at filesystem boundary (GIT_DISCOVERY_ACROSS_FILESYSTEM not set).
2023-08-19 05:01:46.588 [info] > git rev-parse --show-toplevel [4ms]
2023-08-19 05:01:46.770 [info] > git rev-parse --show-toplevel [57ms]
2023-08-19 05:01:46.833 [info] > git rev-parse --show-toplevel [2ms]
2023-08-19 05:01:46.833 [info] fatal: not a git repository (or any parent up to mount point /)
Stopping at filesystem boundary (GIT_DISCOVERY_ACROSS_FILESYSTEM not set).
2023-08-19 05:01:58.104 [info] > git check-ignore -v -z --stdin [75ms]
2023-08-19 05:01:58.105 [info] > git check-ignore -v -z --stdin [58ms]
2023-08-19 05:01:58.106 [info] > git check-ignore -v -z --stdin [39ms]
2023-08-19 05:01:58.106 [info] > git check-ignore -v -z --stdin [22ms]
2023-08-19 05:01:58.106 [info] > git check-ignore -v -z --stdin [4ms]
2023-08-19 05:02:09.197 [info] > git rev-parse --show-toplevel [1ms]
2023-08-19 05:02:09.197 [info] fatal: not a git repository (or any parent up to mount point /)
Stopping at filesystem boundary (GIT_DISCOVERY_ACROSS_FILESYSTEM not set).
2023-08-19 05:02:10.306 [info] > git rev-parse --show-toplevel [1ms]
2023-08-19 05:02:10.306 [info] fatal: not a git repository (or any parent up to mount point /)
Stopping at filesystem boundary (GIT_DISCOVERY_ACROSS_FILESYSTEM not set).
2023-08-19 05:02:13.452 [info] > git rev-parse --show-toplevel [1ms]
2023-08-19 05:02:13.452 [info] fatal: not a git repository (or any parent up to mount point /)
Stopping at filesystem boundary (GIT_DISCOVERY_ACROSS_FILESYSTEM not set).
2023-08-19 05:02:16.780 [info] > git check-ignore -v -z --stdin [0ms]
2023-08-19 05:02:19.453 [info] > git rev-parse --show-toplevel [2ms]
2023-08-19 05:02:19.453 [info] fatal: not a git repository (or any parent up to mount point /)
Stopping at filesystem boundary (GIT_DISCOVERY_ACROSS_FILESYSTEM not set).
2023-08-19 05:02:33.805 [info] > git rev-parse --show-toplevel [1ms]
2023-08-19 05:02:33.805 [info] fatal: not a git repository (or any parent up to mount point /)
Stopping at filesystem boundary (GIT_DISCOVERY_ACROSS_FILESYSTEM not set).
2023-08-19 05:02:34.288 [info] > git rev-parse --show-toplevel [1ms]
2023-08-19 05:02:34.288 [info] fatal: not a git repository (or any parent up to mount point /)
Stopping at filesystem boundary (GIT_DISCOVERY_ACROSS_FILESYSTEM not set).
2023-08-19 05:04:44.662 [info] > git fetch [509ms]
2023-08-19 05:04:44.694 [info] > git config --get commit.template [14ms]
2023-08-19 05:04:44.695 [info] > git for-each-ref --format=%(refname)%00%(upstream:short)%00%(objectname)%00%(upstream:track)%00%(upstream:remotename)%00%(upstream:remoteref) refs/heads/master refs/remotes/master [2ms]
2023-08-19 05:04:44.712 [info] > git status -z -uall [7ms]
2023-08-19 05:04:45.819 [info] > git config --get commit.template [13ms]
2023-08-19 05:04:45.820 [info] > git for-each-ref --format=%(refname)%00%(upstream:short)%00%(objectname)%00%(upstream:track)%00%(upstream:remotename)%00%(upstream:remoteref) refs/heads/master refs/remotes/master [2ms]
2023-08-19 05:04:45.835 [info] > git status -z -uall [6ms]
2023-08-19 05:04:45.976 [info] > git fetch [497ms]
2023-08-19 05:04:46.006 [info] > git config --get commit.template [14ms]
2023-08-19 05:04:46.007 [info] > git for-each-ref --format=%(refname)%00%(upstream:short)%00%(objectname)%00%(upstream:track)%00%(upstream:remotename)%00%(upstream:remoteref) refs/heads/master refs/remotes/master [2ms]
2023-08-19 05:04:46.046 [info] > git status -z -uall [29ms]
2023-08-19 05:04:46.135 [info] > git fetch [498ms]
2023-08-19 05:04:46.166 [info] > git config --get commit.template [14ms]
2023-08-19 05:04:46.167 [info] > git for-each-ref --format=%(refname)%00%(upstream:short)%00%(objectname)%00%(upstream:track)%00%(upstream:remotename)%00%(upstream:remoteref) refs/heads/main refs/remotes/main [2ms]
2023-08-19 05:04:46.182 [info] > git status -z -uall [5ms]
2023-08-19 05:04:46.570 [info] > git rev-parse --show-toplevel [4ms]
2023-08-19 05:04:46.587 [info] > git rev-parse --show-toplevel [1ms]
2023-08-19 05:04:46.624 [info] > git fetch [511ms]
2023-08-19 05:04:46.657 [info] > git config --get commit.template [14ms]
2023-08-19 05:04:46.657 [info] > git for-each-ref --format=%(refname)%00%(upstream:short)%00%(objectname)%00%(upstream:track)%00%(upstream:remotename)%00%(upstream:remoteref) refs/heads/main refs/remotes/main [1ms]
2023-08-19 05:04:46.671 [info] > git status -z -uall [4ms]
2023-08-19 05:04:46.886 [info] > git fetch [1135ms]
2023-08-19 05:04:46.918 [info] > git config --get commit.template [16ms]
2023-08-19 05:04:46.920 [info] > git for-each-ref --format=%(refname)%00%(upstream:short)%00%(objectname)%00%(upstream:track)%00%(upstream:remotename)%00%(upstream:remoteref) refs/heads/master refs/remotes/master [2ms]
2023-08-19 05:04:46.931 [info] > git status -z -uall [2ms]
2023-08-19 05:04:47.201 [info] > git config --get commit.template [4ms]
2023-08-19 05:04:47.213 [info] > git for-each-ref --format=%(refname)%00%(upstream:short)%00%(objectname)%00%(upstream:track)%00%(upstream:remotename)%00%(upstream:remoteref) refs/heads/master refs/remotes/master [2ms]
2023-08-19 05:04:47.255 [info] > git status -z -uall [31ms]
2023-08-19 05:04:47.347 [info] > git config --get commit.template [16ms]
2023-08-19 05:04:47.348 [info] > git for-each-ref --format=%(refname)%00%(upstream:short)%00%(objectname)%00%(upstream:track)%00%(upstream:remotename)%00%(upstream:remoteref) refs/heads/main refs/remotes/main [2ms]
2023-08-19 05:04:47.365 [info] > git status -z -uall [7ms]
2023-08-19 05:04:47.776 [info] > git rev-parse --show-toplevel [3ms]
2023-08-19 05:04:47.793 [info] > git rev-parse --show-toplevel [2ms]
2023-08-19 05:04:47.821 [info] > git config --get commit.template [8ms]
2023-08-19 05:04:47.831 [info] > git for-each-ref --format=%(refname)%00%(upstream:short)%00%(objectname)%00%(upstream:track)%00%(upstream:remotename)%00%(upstream:remoteref) refs/heads/main refs/remotes/main [1ms]
2023-08-19 05:04:47.844 [info] > git status -z -uall [3ms]
2023-08-19 05:04:48.023 [info] > git rev-parse --show-toplevel [1ms]
2023-08-19 05:04:48.023 [info] fatal: not a git repository (or any parent up to mount point /)
Stopping at filesystem boundary (GIT_DISCOVERY_ACROSS_FILESYSTEM not set).
2023-08-19 05:04:48.083 [info] > git config --get commit.template [10ms]
2023-08-19 05:04:48.084 [info] > git for-each-ref --format=%(refname)%00%(upstream:short)%00%(objectname)%00%(upstream:track)%00%(upstream:remotename)%00%(upstream:remoteref) refs/heads/master refs/remotes/master [1ms]
2023-08-19 05:04:48.093 [info] > git status -z -uall [1ms]
2023-08-19 05:04:50.882 [info] > git rev-parse --show-toplevel [1ms]
2023-08-19 05:04:50.883 [info] fatal: not a git repository (or any parent up to mount point /)
Stopping at filesystem boundary (GIT_DISCOVERY_ACROSS_FILESYSTEM not set).
2023-08-19 05:04:53.791 [info] > git rev-parse --show-toplevel [1ms]
2023-08-19 05:04:53.791 [info] fatal: not a git repository (or any parent up to mount point /)
Stopping at filesystem boundary (GIT_DISCOVERY_ACROSS_FILESYSTEM not set).
2023-08-19 05:04:54.628 [info] > git rev-parse --show-toplevel [1ms]
2023-08-19 05:04:54.628 [info] fatal: not a git repository (or any parent up to mount point /)
Stopping at filesystem boundary (GIT_DISCOVERY_ACROSS_FILESYSTEM not set).
2023-08-19 05:04:58.057 [info] > git rev-parse --show-toplevel [1ms]
2023-08-19 05:04:58.057 [info] fatal: not a git repository (or any parent up to mount point /)
Stopping at filesystem boundary (GIT_DISCOVERY_ACROSS_FILESYSTEM not set).
2023-08-19 05:05:02.040 [info] > git rev-parse --show-toplevel [1ms]
2023-08-19 05:05:02.040 [info] fatal: not a git repository (or any parent up to mount point /)
Stopping at filesystem boundary (GIT_DISCOVERY_ACROSS_FILESYSTEM not set).
2023-08-19 05:05:02.872 [info] > git rev-parse --show-toplevel [1ms]
2023-08-19 05:05:02.872 [info] fatal: not a git repository (or any parent up to mount point /)
Stopping at filesystem boundary (GIT_DISCOVERY_ACROSS_FILESYSTEM not set).
2023-08-19 05:05:04.509 [info] > git rev-parse --show-toplevel [2ms]
2023-08-19 05:05:04.509 [info] fatal: not a git repository (or any parent up to mount point /)
Stopping at filesystem boundary (GIT_DISCOVERY_ACROSS_FILESYSTEM not set).
2023-08-19 05:05:07.026 [info] > git rev-parse --show-toplevel [1ms]
2023-08-19 05:05:07.026 [info] fatal: not a git repository (or any parent up to mount point /)
Stopping at filesystem boundary (GIT_DISCOVERY_ACROSS_FILESYSTEM not set).
2023-08-19 05:05:52.537 [info] > git rev-parse --show-toplevel [2ms]
2023-08-19 05:05:52.537 [info] fatal: not a git repository (or any parent up to mount point /)
Stopping at filesystem boundary (GIT_DISCOVERY_ACROSS_FILESYSTEM not set).
2023-08-19 05:05:56.877 [info] > git rev-parse --show-toplevel [1ms]
2023-08-19 05:05:56.877 [info] fatal: not a git repository (or any parent up to mount point /)
Stopping at filesystem boundary (GIT_DISCOVERY_ACROSS_FILESYSTEM not set).
2023-08-19 05:05:59.551 [info] > git rev-parse --show-toplevel [1ms]
2023-08-19 05:05:59.551 [info] fatal: not a git repository (or any parent up to mount point /)
Stopping at filesystem boundary (GIT_DISCOVERY_ACROSS_FILESYSTEM not set).
2023-08-19 05:06:01.269 [info] > git rev-parse --show-toplevel [1ms]
2023-08-19 05:06:01.269 [info] fatal: not a git repository (or any parent up to mount point /)
Stopping at filesystem boundary (GIT_DISCOVERY_ACROSS_FILESYSTEM not set).
2023-08-19 05:06:04.331 [info] > git rev-parse --show-toplevel [1ms]
2023-08-19 05:06:04.331 [info] fatal: not a git repository (or any parent up to mount point /)
Stopping at filesystem boundary (GIT_DISCOVERY_ACROSS_FILESYSTEM not set).
2023-08-19 05:06:11.394 [info] > git rev-parse --show-toplevel [3ms]
2023-08-19 05:06:11.394 [info] fatal: not a git repository (or any parent up to mount point /)
Stopping at filesystem boundary (GIT_DISCOVERY_ACROSS_FILESYSTEM not set).
2023-08-19 05:06:14.653 [info] > git rev-parse --show-toplevel [1ms]
2023-08-19 05:06:14.653 [info] fatal: not a git repository (or any parent up to mount point /)
Stopping at filesystem boundary (GIT_DISCOVERY_ACROSS_FILESYSTEM not set).
2023-08-19 05:06:16.426 [info] > git rev-parse --show-toplevel [1ms]
2023-08-19 05:06:16.426 [info] fatal: not a git repository (or any parent up to mount point /)
Stopping at filesystem boundary (GIT_DISCOVERY_ACROSS_FILESYSTEM not set).
2023-08-19 05:06:17.731 [info] > git rev-parse --show-toplevel [1ms]
2023-08-19 05:06:17.732 [info] fatal: not a git repository (or any parent up to mount point /)
Stopping at filesystem boundary (GIT_DISCOVERY_ACROSS_FILESYSTEM not set).
2023-08-19 05:06:22.353 [info] > git check-ignore -v -z --stdin [53ms]
2023-08-19 05:06:22.354 [info] > git check-ignore -v -z --stdin [39ms]
2023-08-19 05:06:22.355 [info] > git check-ignore -v -z --stdin [26ms]
2023-08-19 05:06:22.355 [info] > git check-ignore -v -z --stdin [15ms]
2023-08-19 05:06:22.355 [info] > git check-ignore -v -z --stdin [3ms]
2023-08-19 05:06:22.375 [info] > git rev-parse --show-toplevel [1ms]
2023-08-19 05:06:22.376 [info] fatal: not a git repository (or any parent up to mount point /)
Stopping at filesystem boundary (GIT_DISCOVERY_ACROSS_FILESYSTEM not set).
2023-08-19 05:06:32.133 [info] > git rev-parse --show-toplevel [1ms]
2023-08-19 05:06:32.133 [info] fatal: not a git repository (or any parent up to mount point /)
Stopping at filesystem boundary (GIT_DISCOVERY_ACROSS_FILESYSTEM not set).
2023-08-19 05:06:33.750 [info] > git config --get commit.template [18ms]
2023-08-19 05:06:33.751 [info] > git for-each-ref --format=%(refname)%00%(upstream:short)%00%(objectname)%00%(upstream:track)%00%(upstream:remotename)%00%(upstream:remoteref) refs/heads/master refs/remotes/master [3ms]
2023-08-19 05:06:33.771 [info] > git status -z -uall [6ms]
2023-08-19 05:06:36.679 [info] > git rev-parse --show-toplevel [1ms]
2023-08-19 05:06:36.698 [info] > git rev-parse --git-dir --git-common-dir [2ms]
2023-08-19 05:06:36.715 [info] Open repository: /home/developercode
2023-08-19 05:06:36.728 [info] > git fetch [14ms]
2023-08-19 05:06:36.739 [info] > git config --get commit.template [12ms]
2023-08-19 05:06:36.750 [info] No remotes found in the git config file.
2023-08-19 05:06:36.750 [info] > git config --get commit.template [11ms]
2023-08-19 05:06:36.751 [info] > git for-each-ref --format=%(refname)%00%(upstream:short)%00%(objectname)%00%(upstream:track)%00%(upstream:remotename)%00%(upstream:remoteref) refs/heads/master refs/remotes/master [1ms]
2023-08-19 05:06:36.763 [info] No remotes found in the git config file.
2023-08-19 05:06:36.773 [info] > git config --get commit.template [1ms]
2023-08-19 05:06:36.774 [info] > git for-each-ref --format=%(refname)%00%(upstream:short)%00%(objectname)%00%(upstream:track)%00%(upstream:remotename)%00%(upstream:remoteref) refs/heads/master refs/remotes/master [11ms]
2023-08-19 05:06:36.775 [info] No remotes found in the git config file.
2023-08-19 05:06:36.785 [info] > git for-each-ref --format=%(refname)%00%(upstream:short)%00%(objectname)%00%(upstream:track)%00%(upstream:remotename)%00%(upstream:remoteref) refs/heads/master refs/remotes/master [1ms]
2023-08-19 05:06:36.838 [info] > git status -z -uall [44ms] (cancelled)
2023-08-19 05:06:36.839 [info] > git check-ignore -v -z --stdin [1ms]
2023-08-19 05:06:37.320 [info] > git check-ignore -v -z --stdin [72ms]
2023-08-19 05:06:37.320 [info] > git check-ignore -v -z --stdin [55ms]
2023-08-19 05:06:37.321 [info] > git check-ignore -v -z --stdin [40ms]
2023-08-19 05:06:37.321 [info] > git check-ignore -v -z --stdin [26ms]
2023-08-19 05:06:37.321 [info] > git check-ignore -v -z --stdin [14ms]
2023-08-19 05:06:37.322 [info] > git check-ignore -v -z --stdin [3ms]
2023-08-19 05:06:46.868 [info] > git show --textconv :.gitignore [15ms]
2023-08-19 05:06:46.870 [info] > git ls-files --stage -- /home/developercode/.gitignore [2ms]
2023-08-19 05:07:45.223 [info] > git fetch [495ms]
2023-08-19 05:07:45.250 [info] > git config --get commit.template [15ms]
2023-08-19 05:07:45.251 [info] > git for-each-ref --format=%(refname)%00%(upstream:short)%00%(objectname)%00%(upstream:track)%00%(upstream:remotename)%00%(upstream:remoteref) refs/heads/master refs/remotes/master [2ms]
2023-08-19 05:07:45.274 [info] > git status -z -uall [9ms]
2023-08-19 05:07:46.416 [info] > git config --get commit.template [1ms]
2023-08-19 05:07:46.430 [info] > git for-each-ref --format=%(refname)%00%(upstream:short)%00%(objectname)%00%(upstream:track)%00%(upstream:remotename)%00%(upstream:remoteref) refs/heads/master refs/remotes/master [2ms]
2023-08-19 05:07:46.448 [info] > git status -z -uall [8ms]
2023-08-19 05:07:46.692 [info] > git fetch [496ms]
2023-08-19 05:07:46.718 [info] > git config --get commit.template [13ms]
2023-08-19 05:07:46.719 [info] > git for-each-ref --format=%(refname)%00%(upstream:short)%00%(objectname)%00%(upstream:track)%00%(upstream:remotename)%00%(upstream:remoteref) refs/heads/main refs/remotes/main [2ms]
2023-08-19 05:07:46.738 [info] > git status -z -uall [6ms]
2023-08-19 05:07:47.182 [info] > git fetch [497ms]
2023-08-19 05:07:47.203 [info] > git config --get commit.template [11ms]
2023-08-19 05:07:47.203 [info] > git for-each-ref --format=%(refname)%00%(upstream:short)%00%(objectname)%00%(upstream:track)%00%(upstream:remotename)%00%(upstream:remoteref) refs/heads/main refs/remotes/main [1ms]
2023-08-19 05:07:47.216 [info] > git status -z -uall [3ms]
2023-08-19 05:07:47.886 [info] > git config --get commit.template [10ms]
2023-08-19 05:07:47.887 [info] > git for-each-ref --format=%(refname)%00%(upstream:short)%00%(objectname)%00%(upstream:track)%00%(upstream:remotename)%00%(upstream:remoteref) refs/heads/main refs/remotes/main [1ms]
2023-08-19 05:07:47.902 [info] > git status -z -uall [6ms]
2023-08-19 05:07:48.070 [info] > git fetch [1126ms]
2023-08-19 05:07:48.090 [info] > git config --get commit.template [10ms]
2023-08-19 05:07:48.091 [info] > git for-each-ref --format=%(refname)%00%(upstream:short)%00%(objectname)%00%(upstream:track)%00%(upstream:remotename)%00%(upstream:remoteref) refs/heads/master refs/remotes/master [1ms]
2023-08-19 05:07:48.101 [info] > git status -z -uall [1ms]
2023-08-19 05:07:48.364 [info] > git config --get commit.template [10ms]
2023-08-19 05:07:48.365 [info] > git for-each-ref --format=%(refname)%00%(upstream:short)%00%(objectname)%00%(upstream:track)%00%(upstream:remotename)%00%(upstream:remoteref) refs/heads/main refs/remotes/main [1ms]
2023-08-19 05:07:48.378 [info] > git status -z -uall [2ms]
2023-08-19 05:07:49.240 [info] > git config --get commit.template [0ms]
2023-08-19 05:07:49.252 [info] > git for-each-ref --format=%(refname)%00%(upstream:short)%00%(objectname)%00%(upstream:track)%00%(upstream:remotename)%00%(upstream:remoteref) refs/heads/master refs/remotes/master [1ms]
2023-08-19 05:07:49.262 [info] > git status -z -uall [1ms]
