2023-07-23 18:58:26.862 [info] Using settings sync service https://vscode-sync.trafficmanager.net/
2023-07-23 18:58:26.862 [info] Auto Sync is enabled.
2023-07-23 18:58:26.862 [info] Auto Sync: Suspended until auth token is available.
2023-07-23 18:58:27.226 [info] Deleting non existing profile from backup /home/developercode/.config/Code/User/sync/extensions
2023-07-23 18:58:27.342 [info] Deleting non existing profile from backup /home/developercode/.config/Code/User/sync/globalState
2023-07-23 18:58:27.557 [info] Deleting non existing profile from backup /home/developercode/.config/Code/User/sync/keybindings
2023-07-23 18:58:27.693 [info] Deleting non existing profile from backup /home/developercode/.config/Code/User/sync/profiles
2023-07-23 18:58:27.761 [info] Deleting non existing profile from backup /home/developercode/.config/Code/User/sync/settings
2023-07-23 18:58:27.843 [info] Deleting non existing profile from backup /home/developercode/.config/Code/User/sync/snippets
2023-07-23 18:58:27.945 [info] Deleting non existing profile from backup /home/developercode/.config/Code/User/sync/tasks
2023-07-23 18:58:29.614 [info] Auto Sync: Triggered by Interval
2023-07-23 18:58:29.615 [info] Sync started.
2023-07-23 18:58:30.640 [info] Settings: Last sync resource does not exist locally.
2023-07-23 18:58:30.905 [info] Settings: No changes found during synchronizing settings.
2023-07-23 18:58:30.913 [info] Keybindings: Last sync resource does not exist locally.
2023-07-23 18:58:31.084 [info] Keybindings: No changes found during synchronizing keybindings.
2023-07-23 18:58:31.088 [info] Snippets: Last sync resource does not exist locally.
2023-07-23 18:58:31.264 [info] Snippets: No changes found during synchronizing snippets.
2023-07-23 18:58:31.267 [info] Tasks: Last sync resource does not exist locally.
2023-07-23 18:58:31.477 [info] Tasks: No changes found during synchronizing tasks.
2023-07-23 18:58:31.484 [info] GlobalState: Last sync resource does not exist locally.
2023-07-23 18:58:32.233 [info] GlobalState: Updated global state ["colorThemeData","snippets.usageTimestamps","typescript.1.editedCount","typescript.1.editedDate","workbench.welcomePage.walkthroughMetadata"]
2023-07-23 18:58:32.233 [info] GlobalState: Updated local ui state
2023-07-23 18:58:32.718 [info] GlobalState: Updated remote ui state. Updated: cpp.1.lastSessionDate,cpp.1.sessionCount,csharp.1.lastSessionDate,csharp.1.sessionCount,java.2.lastSessionDate,java.2.sessionCount,typescript.1.lastSessionDate,typescript.1.sessionCount,workbench.statusbar.hidden.
2023-07-23 18:58:32.729 [info] GlobalState: Updated last synchronized ui state
2023-07-23 18:58:32.734 [info] Extensions: Last sync resource does not exist locally.
2023-07-23 18:58:32.987 [info] Extensions: No changes found during synchronizing extensions.
2023-07-23 18:58:32.990 [info] Profiles: Last sync resource does not exist locally.
2023-07-23 18:58:33.484 [info] Profiles: No changes found during synchronizing profiles.
2023-07-23 18:58:33.595 [info] Sync done. Took 3981ms
2023-07-23 18:58:34.498 [info] Auto Sync: Triggered by Activity
2023-07-23 18:58:34.499 [info] Sync started.
2023-07-23 18:58:34.662 [info] Settings: No changes found during synchronizing settings.
2023-07-23 18:58:34.669 [info] Keybindings: No changes found during synchronizing keybindings.
2023-07-23 18:58:34.675 [info] Snippets: No changes found during synchronizing snippets.
2023-07-23 18:58:34.679 [info] Tasks: No changes found during synchronizing tasks.
2023-07-23 18:58:34.686 [info] GlobalState: No changes found during synchronizing ui state.
2023-07-23 18:58:34.753 [info] Extensions: No changes found during synchronizing extensions.
2023-07-23 18:58:34.757 [info] Profiles: No changes found during synchronizing profiles.
2023-07-23 18:58:34.760 [info] Sync done. Took 261ms
