2023-05-07T18:18:08.604Z [Modules] Modules initializing
2023-05-07T18:18:08.604Z [Modules] Distribution: remote
2023-05-07T18:18:08.604Z [Modules] Host updates: enabled
2023-05-07T18:18:08.604Z [Modules] Module updates: enabled
2023-05-07T18:18:08.605Z [Modules] Module install path: /home/developercode/.config/discord/0.0.27/modules
2023-05-07T18:18:08.605Z [Modules] Module installed file path: /home/developercode/.config/discord/0.0.27/modules/installed.json
2023-05-07T18:18:08.605Z [Modules] Module download path: /home/developercode/.config/discord/0.0.27/modules/pending
2023-05-07T18:18:08.788Z [Modules] Bootstrapping...
2023-05-07T18:18:08.789Z [Modules] Installing discord_desktop_core@0 from /opt/discord/resources/bootstrap/discord_desktop_core.zip
2023-05-07T18:18:08.790Z [Modules] Failed installing discord_desktop_core@0: Error: ENOENT: no such file or directory, open '/opt/discord/resources/bootstrap/discord_desktop_core.zip'
2023-05-07T18:18:08.792Z [Modules] Installing discord_erlpack@0 from /opt/discord/resources/bootstrap/discord_erlpack.zip
2023-05-07T18:18:08.794Z [Modules] Failed installing discord_erlpack@0: Error: ENOENT: no such file or directory, open '/opt/discord/resources/bootstrap/discord_erlpack.zip'
2023-05-07T18:18:08.795Z [Modules] Installing discord_spellcheck@0 from /opt/discord/resources/bootstrap/discord_spellcheck.zip
2023-05-07T18:18:08.796Z [Modules] Failed installing discord_spellcheck@0: Error: ENOENT: no such file or directory, open '/opt/discord/resources/bootstrap/discord_spellcheck.zip'
2023-05-07T18:18:08.797Z [Modules] Installing discord_utils@0 from /opt/discord/resources/bootstrap/discord_utils.zip
2023-05-07T18:18:08.798Z [Modules] Failed installing discord_utils@0: Error: ENOENT: no such file or directory, open '/opt/discord/resources/bootstrap/discord_utils.zip'
2023-05-07T18:18:08.798Z [Modules] Installing discord_voice@0 from /opt/discord/resources/bootstrap/discord_voice.zip
2023-05-07T18:18:08.799Z [Modules] Failed installing discord_voice@0: Error: ENOENT: no such file or directory, open '/opt/discord/resources/bootstrap/discord_voice.zip'
2023-05-07T18:18:08.799Z [Modules] Finished module installations. [success: 0] [failure: 5]
2023-05-07T18:18:08.800Z [Modules] Checking for host updates.
2023-05-07T18:18:09.124Z [Modules] Host is up to date.
2023-05-07T18:18:09.124Z [Modules] Checking for module updates at https://discord.com/api/modules/stable/versions.json
2023-05-07T18:18:09.431Z [Modules] Module update available: discord_desktop_core@1 [installed: 0]
2023-05-07T18:18:09.431Z [Modules] Module update available: discord_erlpack@1 [installed: 0]
2023-05-07T18:18:09.431Z [Modules] Module update available: discord_spellcheck@1 [installed: 0]
2023-05-07T18:18:09.431Z [Modules] Module update available: discord_utils@1 [installed: 0]
2023-05-07T18:18:09.431Z [Modules] Module update available: discord_voice@1 [installed: 0]
2023-05-07T18:18:09.431Z [Modules] Fetching discord_desktop_core@1 from https://discord.com/api/modules/stable/discord_desktop_core/1
2023-05-07T18:18:09.432Z [Modules] Streaming discord_desktop_core@1 to /home/developercode/.config/discord/0.0.27/modules/pending/discord_desktop_core-1.zip
2023-05-07T18:18:09.836Z [Modules] Streaming discord_desktop_core@1 to /home/developercode/.config/discord/0.0.27/modules/pending/discord_desktop_core-1.zip: 2%
2023-05-07T18:18:09.848Z [Modules] Streaming discord_desktop_core@1 to /home/developercode/.config/discord/0.0.27/modules/pending/discord_desktop_core-1.zip: 3%
2023-05-07T18:18:09.851Z [Modules] Streaming discord_desktop_core@1 to /home/developercode/.config/discord/0.0.27/modules/pending/discord_desktop_core-1.zip: 4%
2023-05-07T18:18:09.856Z [Modules] Streaming discord_desktop_core@1 to /home/developercode/.config/discord/0.0.27/modules/pending/discord_desktop_core-1.zip: 6%
2023-05-07T18:18:09.862Z [Modules] Streaming discord_desktop_core@1 to /home/developercode/.config/discord/0.0.27/modules/pending/discord_desktop_core-1.zip: 7%
2023-05-07T18:18:09.865Z [Modules] Streaming discord_desktop_core@1 to /home/developercode/.config/discord/0.0.27/modules/pending/discord_desktop_core-1.zip: 8%
2023-05-07T18:18:09.868Z [Modules] Streaming discord_desktop_core@1 to /home/developercode/.config/discord/0.0.27/modules/pending/discord_desktop_core-1.zip: 9%
2023-05-07T18:18:09.876Z [Modules] Streaming discord_desktop_core@1 to /home/developercode/.config/discord/0.0.27/modules/pending/discord_desktop_core-1.zip: 11%
2023-05-07T18:18:09.881Z [Modules] Streaming discord_desktop_core@1 to /home/developercode/.config/discord/0.0.27/modules/pending/discord_desktop_core-1.zip: 13%
2023-05-07T18:18:09.884Z [Modules] Streaming discord_desktop_core@1 to /home/developercode/.config/discord/0.0.27/modules/pending/discord_desktop_core-1.zip: 14%
2023-05-07T18:18:09.889Z [Modules] Streaming discord_desktop_core@1 to /home/developercode/.config/discord/0.0.27/modules/pending/discord_desktop_core-1.zip: 17%
2023-05-07T18:18:09.896Z [Modules] Streaming discord_desktop_core@1 to /home/developercode/.config/discord/0.0.27/modules/pending/discord_desktop_core-1.zip: 19%
2023-05-07T18:18:09.900Z [Modules] Streaming discord_desktop_core@1 to /home/developercode/.config/discord/0.0.27/modules/pending/discord_desktop_core-1.zip: 21%
2023-05-07T18:18:09.906Z [Modules] Streaming discord_desktop_core@1 to /home/developercode/.config/discord/0.0.27/modules/pending/discord_desktop_core-1.zip: 23%
2023-05-07T18:18:09.912Z [Modules] Streaming discord_desktop_core@1 to /home/developercode/.config/discord/0.0.27/modules/pending/discord_desktop_core-1.zip: 25%
2023-05-07T18:18:09.916Z [Modules] Streaming discord_desktop_core@1 to /home/developercode/.config/discord/0.0.27/modules/pending/discord_desktop_core-1.zip: 26%
2023-05-07T18:18:09.920Z [Modules] Streaming discord_desktop_core@1 to /home/developercode/.config/discord/0.0.27/modules/pending/discord_desktop_core-1.zip: 28%
2023-05-07T18:18:09.925Z [Modules] Streaming discord_desktop_core@1 to /home/developercode/.config/discord/0.0.27/modules/pending/discord_desktop_core-1.zip: 30%
2023-05-07T18:18:09.928Z [Modules] Streaming discord_desktop_core@1 to /home/developercode/.config/discord/0.0.27/modules/pending/discord_desktop_core-1.zip: 32%
2023-05-07T18:18:09.933Z [Modules] Streaming discord_desktop_core@1 to /home/developercode/.config/discord/0.0.27/modules/pending/discord_desktop_core-1.zip: 35%
2023-05-07T18:18:09.940Z [Modules] Streaming discord_desktop_core@1 to /home/developercode/.config/discord/0.0.27/modules/pending/discord_desktop_core-1.zip: 37%
2023-05-07T18:18:09.944Z [Modules] Streaming discord_desktop_core@1 to /home/developercode/.config/discord/0.0.27/modules/pending/discord_desktop_core-1.zip: 38%
2023-05-07T18:18:09.948Z [Modules] Streaming discord_desktop_core@1 to /home/developercode/.config/discord/0.0.27/modules/pending/discord_desktop_core-1.zip: 40%
2023-05-07T18:18:09.952Z [Modules] Streaming discord_desktop_core@1 to /home/developercode/.config/discord/0.0.27/modules/pending/discord_desktop_core-1.zip: 41%
2023-05-07T18:18:09.959Z [Modules] Streaming discord_desktop_core@1 to /home/developercode/.config/discord/0.0.27/modules/pending/discord_desktop_core-1.zip: 44%
2023-05-07T18:18:09.963Z [Modules] Streaming discord_desktop_core@1 to /home/developercode/.config/discord/0.0.27/modules/pending/discord_desktop_core-1.zip: 45%
2023-05-07T18:18:09.967Z [Modules] Streaming discord_desktop_core@1 to /home/developercode/.config/discord/0.0.27/modules/pending/discord_desktop_core-1.zip: 47%
2023-05-07T18:18:09.971Z [Modules] Streaming discord_desktop_core@1 to /home/developercode/.config/discord/0.0.27/modules/pending/discord_desktop_core-1.zip: 50%
2023-05-07T18:18:09.979Z [Modules] Streaming discord_desktop_core@1 to /home/developercode/.config/discord/0.0.27/modules/pending/discord_desktop_core-1.zip: 52%
2023-05-07T18:18:09.983Z [Modules] Streaming discord_desktop_core@1 to /home/developercode/.config/discord/0.0.27/modules/pending/discord_desktop_core-1.zip: 54%
2023-05-07T18:18:09.987Z [Modules] Streaming discord_desktop_core@1 to /home/developercode/.config/discord/0.0.27/modules/pending/discord_desktop_core-1.zip: 56%
2023-05-07T18:18:09.991Z [Modules] Streaming discord_desktop_core@1 to /home/developercode/.config/discord/0.0.27/modules/pending/discord_desktop_core-1.zip: 57%
2023-05-07T18:18:09.995Z [Modules] Streaming discord_desktop_core@1 to /home/developercode/.config/discord/0.0.27/modules/pending/discord_desktop_core-1.zip: 59%
2023-05-07T18:18:10.003Z [Modules] Streaming discord_desktop_core@1 to /home/developercode/.config/discord/0.0.27/modules/pending/discord_desktop_core-1.zip: 61%
2023-05-07T18:18:10.006Z [Modules] Streaming discord_desktop_core@1 to /home/developercode/.config/discord/0.0.27/modules/pending/discord_desktop_core-1.zip: 63%
2023-05-07T18:18:10.010Z [Modules] Streaming discord_desktop_core@1 to /home/developercode/.config/discord/0.0.27/modules/pending/discord_desktop_core-1.zip: 65%
2023-05-07T18:18:10.018Z [Modules] Streaming discord_desktop_core@1 to /home/developercode/.config/discord/0.0.27/modules/pending/discord_desktop_core-1.zip: 68%
2023-05-07T18:18:10.022Z [Modules] Streaming discord_desktop_core@1 to /home/developercode/.config/discord/0.0.27/modules/pending/discord_desktop_core-1.zip: 69%
2023-05-07T18:18:10.026Z [Modules] Streaming discord_desktop_core@1 to /home/developercode/.config/discord/0.0.27/modules/pending/discord_desktop_core-1.zip: 71%
2023-05-07T18:18:10.030Z [Modules] Streaming discord_desktop_core@1 to /home/developercode/.config/discord/0.0.27/modules/pending/discord_desktop_core-1.zip: 73%
2023-05-07T18:18:10.035Z [Modules] Streaming discord_desktop_core@1 to /home/developercode/.config/discord/0.0.27/modules/pending/discord_desktop_core-1.zip: 75%
2023-05-07T18:18:10.043Z [Modules] Streaming discord_desktop_core@1 to /home/developercode/.config/discord/0.0.27/modules/pending/discord_desktop_core-1.zip: 77%
2023-05-07T18:18:10.047Z [Modules] Streaming discord_desktop_core@1 to /home/developercode/.config/discord/0.0.27/modules/pending/discord_desktop_core-1.zip: 80%
2023-05-07T18:18:10.051Z [Modules] Streaming discord_desktop_core@1 to /home/developercode/.config/discord/0.0.27/modules/pending/discord_desktop_core-1.zip: 81%
2023-05-07T18:18:10.055Z [Modules] Streaming discord_desktop_core@1 to /home/developercode/.config/discord/0.0.27/modules/pending/discord_desktop_core-1.zip: 83%
2023-05-07T18:18:10.060Z [Modules] Streaming discord_desktop_core@1 to /home/developercode/.config/discord/0.0.27/modules/pending/discord_desktop_core-1.zip: 85%
2023-05-07T18:18:10.064Z [Modules] Streaming discord_desktop_core@1 to /home/developercode/.config/discord/0.0.27/modules/pending/discord_desktop_core-1.zip: 87%
2023-05-07T18:18:10.069Z [Modules] Streaming discord_desktop_core@1 to /home/developercode/.config/discord/0.0.27/modules/pending/discord_desktop_core-1.zip: 89%
2023-05-07T18:18:10.073Z [Modules] Streaming discord_desktop_core@1 to /home/developercode/.config/discord/0.0.27/modules/pending/discord_desktop_core-1.zip: 91%
2023-05-07T18:18:10.077Z [Modules] Streaming discord_desktop_core@1 to /home/developercode/.config/discord/0.0.27/modules/pending/discord_desktop_core-1.zip: 93%
2023-05-07T18:18:10.082Z [Modules] Streaming discord_desktop_core@1 to /home/developercode/.config/discord/0.0.27/modules/pending/discord_desktop_core-1.zip: 94%
2023-05-07T18:18:10.086Z [Modules] Streaming discord_desktop_core@1 to /home/developercode/.config/discord/0.0.27/modules/pending/discord_desktop_core-1.zip: 97%
2023-05-07T18:18:10.090Z [Modules] Streaming discord_desktop_core@1 to /home/developercode/.config/discord/0.0.27/modules/pending/discord_desktop_core-1.zip: 98%
2023-05-07T18:18:10.091Z [Modules] Streaming discord_desktop_core@1 to /home/developercode/.config/discord/0.0.27/modules/pending/discord_desktop_core-1.zip: 100%
2023-05-07T18:18:10.093Z [Modules] Fetching discord_erlpack@1 from https://discord.com/api/modules/stable/discord_erlpack/1
2023-05-07T18:18:10.093Z [Modules] Streaming discord_erlpack@1 to /home/developercode/.config/discord/0.0.27/modules/pending/discord_erlpack-1.zip
2023-05-07T18:18:10.360Z [Modules] Streaming discord_erlpack@1 to /home/developercode/.config/discord/0.0.27/modules/pending/discord_erlpack-1.zip: 2%
2023-05-07T18:18:10.365Z [Modules] Streaming discord_erlpack@1 to /home/developercode/.config/discord/0.0.27/modules/pending/discord_erlpack-1.zip: 4%
2023-05-07T18:18:10.369Z [Modules] Streaming discord_erlpack@1 to /home/developercode/.config/discord/0.0.27/modules/pending/discord_erlpack-1.zip: 6%
2023-05-07T18:18:10.374Z [Modules] Streaming discord_erlpack@1 to /home/developercode/.config/discord/0.0.27/modules/pending/discord_erlpack-1.zip: 8%
2023-05-07T18:18:10.378Z [Modules] Streaming discord_erlpack@1 to /home/developercode/.config/discord/0.0.27/modules/pending/discord_erlpack-1.zip: 10%
2023-05-07T18:18:10.381Z [Modules] Streaming discord_erlpack@1 to /home/developercode/.config/discord/0.0.27/modules/pending/discord_erlpack-1.zip: 11%
2023-05-07T18:18:10.391Z [Modules] Streaming discord_erlpack@1 to /home/developercode/.config/discord/0.0.27/modules/pending/discord_erlpack-1.zip: 12%
2023-05-07T18:18:10.395Z [Modules] Streaming discord_erlpack@1 to /home/developercode/.config/discord/0.0.27/modules/pending/discord_erlpack-1.zip: 15%
2023-05-07T18:18:10.402Z [Modules] Streaming discord_erlpack@1 to /home/developercode/.config/discord/0.0.27/modules/pending/discord_erlpack-1.zip: 17%
2023-05-07T18:18:10.408Z [Modules] Streaming discord_erlpack@1 to /home/developercode/.config/discord/0.0.27/modules/pending/discord_erlpack-1.zip: 19%
2023-05-07T18:18:10.418Z [Modules] Streaming discord_erlpack@1 to /home/developercode/.config/discord/0.0.27/modules/pending/discord_erlpack-1.zip: 22%
2023-05-07T18:18:10.422Z [Modules] Streaming discord_erlpack@1 to /home/developercode/.config/discord/0.0.27/modules/pending/discord_erlpack-1.zip: 23%
2023-05-07T18:18:10.429Z [Modules] Streaming discord_erlpack@1 to /home/developercode/.config/discord/0.0.27/modules/pending/discord_erlpack-1.zip: 25%
2023-05-07T18:18:10.438Z [Modules] Streaming discord_erlpack@1 to /home/developercode/.config/discord/0.0.27/modules/pending/discord_erlpack-1.zip: 28%
2023-05-07T18:18:10.441Z [Modules] Streaming discord_erlpack@1 to /home/developercode/.config/discord/0.0.27/modules/pending/discord_erlpack-1.zip: 29%
2023-05-07T18:18:10.446Z [Modules] Streaming discord_erlpack@1 to /home/developercode/.config/discord/0.0.27/modules/pending/discord_erlpack-1.zip: 31%
2023-05-07T18:18:10.458Z [Modules] Streaming discord_erlpack@1 to /home/developercode/.config/discord/0.0.27/modules/pending/discord_erlpack-1.zip: 33%
2023-05-07T18:18:10.462Z [Modules] Streaming discord_erlpack@1 to /home/developercode/.config/discord/0.0.27/modules/pending/discord_erlpack-1.zip: 35%
2023-05-07T18:18:10.467Z [Modules] Streaming discord_erlpack@1 to /home/developercode/.config/discord/0.0.27/modules/pending/discord_erlpack-1.zip: 37%
2023-05-07T18:18:10.471Z [Modules] Streaming discord_erlpack@1 to /home/developercode/.config/discord/0.0.27/modules/pending/discord_erlpack-1.zip: 39%
2023-05-07T18:18:10.475Z [Modules] Streaming discord_erlpack@1 to /home/developercode/.config/discord/0.0.27/modules/pending/discord_erlpack-1.zip: 40%
2023-05-07T18:18:10.479Z [Modules] Streaming discord_erlpack@1 to /home/developercode/.config/discord/0.0.27/modules/pending/discord_erlpack-1.zip: 42%
2023-05-07T18:18:10.484Z [Modules] Streaming discord_erlpack@1 to /home/developercode/.config/discord/0.0.27/modules/pending/discord_erlpack-1.zip: 44%
2023-05-07T18:18:10.487Z [Modules] Streaming discord_erlpack@1 to /home/developercode/.config/discord/0.0.27/modules/pending/discord_erlpack-1.zip: 46%
2023-05-07T18:18:10.495Z [Modules] Streaming discord_erlpack@1 to /home/developercode/.config/discord/0.0.27/modules/pending/discord_erlpack-1.zip: 49%
2023-05-07T18:18:10.500Z [Modules] Streaming discord_erlpack@1 to /home/developercode/.config/discord/0.0.27/modules/pending/discord_erlpack-1.zip: 51%
2023-05-07T18:18:10.506Z [Modules] Streaming discord_erlpack@1 to /home/developercode/.config/discord/0.0.27/modules/pending/discord_erlpack-1.zip: 53%
2023-05-07T18:18:10.516Z [Modules] Streaming discord_erlpack@1 to /home/developercode/.config/discord/0.0.27/modules/pending/discord_erlpack-1.zip: 55%
2023-05-07T18:18:10.521Z [Modules] Streaming discord_erlpack@1 to /home/developercode/.config/discord/0.0.27/modules/pending/discord_erlpack-1.zip: 57%
2023-05-07T18:18:10.527Z [Modules] Streaming discord_erlpack@1 to /home/developercode/.config/discord/0.0.27/modules/pending/discord_erlpack-1.zip: 59%
2023-05-07T18:18:10.531Z [Modules] Streaming discord_erlpack@1 to /home/developercode/.config/discord/0.0.27/modules/pending/discord_erlpack-1.zip: 61%
2023-05-07T18:18:10.539Z [Modules] Streaming discord_erlpack@1 to /home/developercode/.config/discord/0.0.27/modules/pending/discord_erlpack-1.zip: 64%
2023-05-07T18:18:10.543Z [Modules] Streaming discord_erlpack@1 to /home/developercode/.config/discord/0.0.27/modules/pending/discord_erlpack-1.zip: 66%
2023-05-07T18:18:10.547Z [Modules] Streaming discord_erlpack@1 to /home/developercode/.config/discord/0.0.27/modules/pending/discord_erlpack-1.zip: 68%
2023-05-07T18:18:10.559Z [Modules] Streaming discord_erlpack@1 to /home/developercode/.config/discord/0.0.27/modules/pending/discord_erlpack-1.zip: 71%
2023-05-07T18:18:10.562Z [Modules] Streaming discord_erlpack@1 to /home/developercode/.config/discord/0.0.27/modules/pending/discord_erlpack-1.zip: 73%
2023-05-07T18:18:10.566Z [Modules] Streaming discord_erlpack@1 to /home/developercode/.config/discord/0.0.27/modules/pending/discord_erlpack-1.zip: 75%
2023-05-07T18:18:10.571Z [Modules] Streaming discord_erlpack@1 to /home/developercode/.config/discord/0.0.27/modules/pending/discord_erlpack-1.zip: 77%
2023-05-07T18:18:10.575Z [Modules] Streaming discord_erlpack@1 to /home/developercode/.config/discord/0.0.27/modules/pending/discord_erlpack-1.zip: 78%
2023-05-07T18:18:10.579Z [Modules] Streaming discord_erlpack@1 to /home/developercode/.config/discord/0.0.27/modules/pending/discord_erlpack-1.zip: 80%
2023-05-07T18:18:10.584Z [Modules] Streaming discord_erlpack@1 to /home/developercode/.config/discord/0.0.27/modules/pending/discord_erlpack-1.zip: 81%
2023-05-07T18:18:10.588Z [Modules] Streaming discord_erlpack@1 to /home/developercode/.config/discord/0.0.27/modules/pending/discord_erlpack-1.zip: 83%
2023-05-07T18:18:10.593Z [Modules] Streaming discord_erlpack@1 to /home/developercode/.config/discord/0.0.27/modules/pending/discord_erlpack-1.zip: 85%
2023-05-07T18:18:10.598Z [Modules] Streaming discord_erlpack@1 to /home/developercode/.config/discord/0.0.27/modules/pending/discord_erlpack-1.zip: 87%
2023-05-07T18:18:10.602Z [Modules] Streaming discord_erlpack@1 to /home/developercode/.config/discord/0.0.27/modules/pending/discord_erlpack-1.zip: 89%
2023-05-07T18:18:10.606Z [Modules] Streaming discord_erlpack@1 to /home/developercode/.config/discord/0.0.27/modules/pending/discord_erlpack-1.zip: 90%
2023-05-07T18:18:10.614Z [Modules] Streaming discord_erlpack@1 to /home/developercode/.config/discord/0.0.27/modules/pending/discord_erlpack-1.zip: 92%
2023-05-07T18:18:10.618Z [Modules] Streaming discord_erlpack@1 to /home/developercode/.config/discord/0.0.27/modules/pending/discord_erlpack-1.zip: 94%
2023-05-07T18:18:10.622Z [Modules] Streaming discord_erlpack@1 to /home/developercode/.config/discord/0.0.27/modules/pending/discord_erlpack-1.zip: 96%
2023-05-07T18:18:10.626Z [Modules] Streaming discord_erlpack@1 to /home/developercode/.config/discord/0.0.27/modules/pending/discord_erlpack-1.zip: 98%
2023-05-07T18:18:10.629Z [Modules] Streaming discord_erlpack@1 to /home/developercode/.config/discord/0.0.27/modules/pending/discord_erlpack-1.zip: 100%
2023-05-07T18:18:10.630Z [Modules] Fetching discord_spellcheck@1 from https://discord.com/api/modules/stable/discord_spellcheck/1
2023-05-07T18:18:10.631Z [Modules] Streaming discord_spellcheck@1 to /home/developercode/.config/discord/0.0.27/modules/pending/discord_spellcheck-1.zip
2023-05-07T18:18:11.007Z [Modules] Streaming discord_spellcheck@1 to /home/developercode/.config/discord/0.0.27/modules/pending/discord_spellcheck-1.zip: 1%
2023-05-07T18:18:11.027Z [Modules] Streaming discord_spellcheck@1 to /home/developercode/.config/discord/0.0.27/modules/pending/discord_spellcheck-1.zip: 2%
2023-05-07T18:18:11.042Z [Modules] Streaming discord_spellcheck@1 to /home/developercode/.config/discord/0.0.27/modules/pending/discord_spellcheck-1.zip: 3%
2023-05-07T18:18:11.055Z [Modules] Streaming discord_spellcheck@1 to /home/developercode/.config/discord/0.0.27/modules/pending/discord_spellcheck-1.zip: 4%
2023-05-07T18:18:11.070Z [Modules] Streaming discord_spellcheck@1 to /home/developercode/.config/discord/0.0.27/modules/pending/discord_spellcheck-1.zip: 5%
2023-05-07T18:18:11.087Z [Modules] Streaming discord_spellcheck@1 to /home/developercode/.config/discord/0.0.27/modules/pending/discord_spellcheck-1.zip: 6%
2023-05-07T18:18:11.106Z [Modules] Streaming discord_spellcheck@1 to /home/developercode/.config/discord/0.0.27/modules/pending/discord_spellcheck-1.zip: 7%
2023-05-07T18:18:11.117Z [Modules] Streaming discord_spellcheck@1 to /home/developercode/.config/discord/0.0.27/modules/pending/discord_spellcheck-1.zip: 8%
2023-05-07T18:18:11.137Z [Modules] Streaming discord_spellcheck@1 to /home/developercode/.config/discord/0.0.27/modules/pending/discord_spellcheck-1.zip: 9%
2023-05-07T18:18:11.152Z [Modules] Streaming discord_spellcheck@1 to /home/developercode/.config/discord/0.0.27/modules/pending/discord_spellcheck-1.zip: 10%
2023-05-07T18:18:11.172Z [Modules] Streaming discord_spellcheck@1 to /home/developercode/.config/discord/0.0.27/modules/pending/discord_spellcheck-1.zip: 11%
2023-05-07T18:18:11.185Z [Modules] Streaming discord_spellcheck@1 to /home/developercode/.config/discord/0.0.27/modules/pending/discord_spellcheck-1.zip: 12%
2023-05-07T18:18:11.202Z [Modules] Streaming discord_spellcheck@1 to /home/developercode/.config/discord/0.0.27/modules/pending/discord_spellcheck-1.zip: 13%
2023-05-07T18:18:11.216Z [Modules] Streaming discord_spellcheck@1 to /home/developercode/.config/discord/0.0.27/modules/pending/discord_spellcheck-1.zip: 14%
2023-05-07T18:18:11.231Z [Modules] Streaming discord_spellcheck@1 to /home/developercode/.config/discord/0.0.27/modules/pending/discord_spellcheck-1.zip: 15%
2023-05-07T18:18:11.252Z [Modules] Streaming discord_spellcheck@1 to /home/developercode/.config/discord/0.0.27/modules/pending/discord_spellcheck-1.zip: 16%
2023-05-07T18:18:11.266Z [Modules] Streaming discord_spellcheck@1 to /home/developercode/.config/discord/0.0.27/modules/pending/discord_spellcheck-1.zip: 17%
2023-05-07T18:18:11.286Z [Modules] Streaming discord_spellcheck@1 to /home/developercode/.config/discord/0.0.27/modules/pending/discord_spellcheck-1.zip: 18%
2023-05-07T18:18:11.299Z [Modules] Streaming discord_spellcheck@1 to /home/developercode/.config/discord/0.0.27/modules/pending/discord_spellcheck-1.zip: 19%
2023-05-07T18:18:11.313Z [Modules] Streaming discord_spellcheck@1 to /home/developercode/.config/discord/0.0.27/modules/pending/discord_spellcheck-1.zip: 20%
2023-05-07T18:18:11.334Z [Modules] Streaming discord_spellcheck@1 to /home/developercode/.config/discord/0.0.27/modules/pending/discord_spellcheck-1.zip: 21%
2023-05-07T18:18:11.348Z [Modules] Streaming discord_spellcheck@1 to /home/developercode/.config/discord/0.0.27/modules/pending/discord_spellcheck-1.zip: 22%
2023-05-07T18:18:11.365Z [Modules] Streaming discord_spellcheck@1 to /home/developercode/.config/discord/0.0.27/modules/pending/discord_spellcheck-1.zip: 23%
2023-05-07T18:18:11.381Z [Modules] Streaming discord_spellcheck@1 to /home/developercode/.config/discord/0.0.27/modules/pending/discord_spellcheck-1.zip: 24%
2023-05-07T18:18:11.398Z [Modules] Streaming discord_spellcheck@1 to /home/developercode/.config/discord/0.0.27/modules/pending/discord_spellcheck-1.zip: 25%
2023-05-07T18:18:11.420Z [Modules] Streaming discord_spellcheck@1 to /home/developercode/.config/discord/0.0.27/modules/pending/discord_spellcheck-1.zip: 26%
2023-05-07T18:18:11.445Z [Modules] Streaming discord_spellcheck@1 to /home/developercode/.config/discord/0.0.27/modules/pending/discord_spellcheck-1.zip: 27%
2023-05-07T18:18:11.472Z [Modules] Streaming discord_spellcheck@1 to /home/developercode/.config/discord/0.0.27/modules/pending/discord_spellcheck-1.zip: 28%
2023-05-07T18:18:11.488Z [Modules] Streaming discord_spellcheck@1 to /home/developercode/.config/discord/0.0.27/modules/pending/discord_spellcheck-1.zip: 29%
2023-05-07T18:18:11.518Z [Modules] Streaming discord_spellcheck@1 to /home/developercode/.config/discord/0.0.27/modules/pending/discord_spellcheck-1.zip: 30%
2023-05-07T18:18:11.528Z [Modules] Streaming discord_spellcheck@1 to /home/developercode/.config/discord/0.0.27/modules/pending/discord_spellcheck-1.zip: 31%
2023-05-07T18:18:11.559Z [Modules] Streaming discord_spellcheck@1 to /home/developercode/.config/discord/0.0.27/modules/pending/discord_spellcheck-1.zip: 32%
2023-05-07T18:18:11.578Z [Modules] Streaming discord_spellcheck@1 to /home/developercode/.config/discord/0.0.27/modules/pending/discord_spellcheck-1.zip: 33%
2023-05-07T18:18:11.590Z [Modules] Streaming discord_spellcheck@1 to /home/developercode/.config/discord/0.0.27/modules/pending/discord_spellcheck-1.zip: 34%
2023-05-07T18:18:11.607Z [Modules] Streaming discord_spellcheck@1 to /home/developercode/.config/discord/0.0.27/modules/pending/discord_spellcheck-1.zip: 35%
2023-05-07T18:18:11.626Z [Modules] Streaming discord_spellcheck@1 to /home/developercode/.config/discord/0.0.27/modules/pending/discord_spellcheck-1.zip: 36%
2023-05-07T18:18:11.642Z [Modules] Streaming discord_spellcheck@1 to /home/developercode/.config/discord/0.0.27/modules/pending/discord_spellcheck-1.zip: 37%
2023-05-07T18:18:11.666Z [Modules] Streaming discord_spellcheck@1 to /home/developercode/.config/discord/0.0.27/modules/pending/discord_spellcheck-1.zip: 38%
2023-05-07T18:18:11.684Z [Modules] Streaming discord_spellcheck@1 to /home/developercode/.config/discord/0.0.27/modules/pending/discord_spellcheck-1.zip: 39%
2023-05-07T18:18:11.704Z [Modules] Streaming discord_spellcheck@1 to /home/developercode/.config/discord/0.0.27/modules/pending/discord_spellcheck-1.zip: 40%
2023-05-07T18:18:11.723Z [Modules] Streaming discord_spellcheck@1 to /home/developercode/.config/discord/0.0.27/modules/pending/discord_spellcheck-1.zip: 41%
2023-05-07T18:18:11.745Z [Modules] Streaming discord_spellcheck@1 to /home/developercode/.config/discord/0.0.27/modules/pending/discord_spellcheck-1.zip: 42%
2023-05-07T18:18:11.758Z [Modules] Streaming discord_spellcheck@1 to /home/developercode/.config/discord/0.0.27/modules/pending/discord_spellcheck-1.zip: 43%
2023-05-07T18:18:11.783Z [Modules] Streaming discord_spellcheck@1 to /home/developercode/.config/discord/0.0.27/modules/pending/discord_spellcheck-1.zip: 44%
2023-05-07T18:18:11.798Z [Modules] Streaming discord_spellcheck@1 to /home/developercode/.config/discord/0.0.27/modules/pending/discord_spellcheck-1.zip: 45%
2023-05-07T18:18:11.818Z [Modules] Streaming discord_spellcheck@1 to /home/developercode/.config/discord/0.0.27/modules/pending/discord_spellcheck-1.zip: 46%
2023-05-07T18:18:11.834Z [Modules] Streaming discord_spellcheck@1 to /home/developercode/.config/discord/0.0.27/modules/pending/discord_spellcheck-1.zip: 47%
2023-05-07T18:18:11.860Z [Modules] Streaming discord_spellcheck@1 to /home/developercode/.config/discord/0.0.27/modules/pending/discord_spellcheck-1.zip: 48%
2023-05-07T18:18:11.876Z [Modules] Streaming discord_spellcheck@1 to /home/developercode/.config/discord/0.0.27/modules/pending/discord_spellcheck-1.zip: 49%
2023-05-07T18:18:11.899Z [Modules] Streaming discord_spellcheck@1 to /home/developercode/.config/discord/0.0.27/modules/pending/discord_spellcheck-1.zip: 50%
2023-05-07T18:18:11.914Z [Modules] Streaming discord_spellcheck@1 to /home/developercode/.config/discord/0.0.27/modules/pending/discord_spellcheck-1.zip: 51%
2023-05-07T18:18:11.935Z [Modules] Streaming discord_spellcheck@1 to /home/developercode/.config/discord/0.0.27/modules/pending/discord_spellcheck-1.zip: 52%
2023-05-07T18:18:11.962Z [Modules] Streaming discord_spellcheck@1 to /home/developercode/.config/discord/0.0.27/modules/pending/discord_spellcheck-1.zip: 53%
2023-05-07T18:18:11.986Z [Modules] Streaming discord_spellcheck@1 to /home/developercode/.config/discord/0.0.27/modules/pending/discord_spellcheck-1.zip: 54%
2023-05-07T18:18:12.002Z [Modules] Streaming discord_spellcheck@1 to /home/developercode/.config/discord/0.0.27/modules/pending/discord_spellcheck-1.zip: 55%
2023-05-07T18:18:12.022Z [Modules] Streaming discord_spellcheck@1 to /home/developercode/.config/discord/0.0.27/modules/pending/discord_spellcheck-1.zip: 56%
2023-05-07T18:18:12.046Z [Modules] Streaming discord_spellcheck@1 to /home/developercode/.config/discord/0.0.27/modules/pending/discord_spellcheck-1.zip: 57%
2023-05-07T18:18:12.065Z [Modules] Streaming discord_spellcheck@1 to /home/developercode/.config/discord/0.0.27/modules/pending/discord_spellcheck-1.zip: 58%
2023-05-07T18:18:12.085Z [Modules] Streaming discord_spellcheck@1 to /home/developercode/.config/discord/0.0.27/modules/pending/discord_spellcheck-1.zip: 59%
2023-05-07T18:18:12.102Z [Modules] Streaming discord_spellcheck@1 to /home/developercode/.config/discord/0.0.27/modules/pending/discord_spellcheck-1.zip: 60%
2023-05-07T18:18:12.122Z [Modules] Streaming discord_spellcheck@1 to /home/developercode/.config/discord/0.0.27/modules/pending/discord_spellcheck-1.zip: 61%
2023-05-07T18:18:12.141Z [Modules] Streaming discord_spellcheck@1 to /home/developercode/.config/discord/0.0.27/modules/pending/discord_spellcheck-1.zip: 62%
2023-05-07T18:18:12.164Z [Modules] Streaming discord_spellcheck@1 to /home/developercode/.config/discord/0.0.27/modules/pending/discord_spellcheck-1.zip: 63%
2023-05-07T18:18:12.181Z [Modules] Streaming discord_spellcheck@1 to /home/developercode/.config/discord/0.0.27/modules/pending/discord_spellcheck-1.zip: 64%
2023-05-07T18:18:12.200Z [Modules] Streaming discord_spellcheck@1 to /home/developercode/.config/discord/0.0.27/modules/pending/discord_spellcheck-1.zip: 65%
2023-05-07T18:18:12.219Z [Modules] Streaming discord_spellcheck@1 to /home/developercode/.config/discord/0.0.27/modules/pending/discord_spellcheck-1.zip: 66%
2023-05-07T18:18:12.244Z [Modules] Streaming discord_spellcheck@1 to /home/developercode/.config/discord/0.0.27/modules/pending/discord_spellcheck-1.zip: 67%
2023-05-07T18:18:12.263Z [Modules] Streaming discord_spellcheck@1 to /home/developercode/.config/discord/0.0.27/modules/pending/discord_spellcheck-1.zip: 68%
2023-05-07T18:18:12.282Z [Modules] Streaming discord_spellcheck@1 to /home/developercode/.config/discord/0.0.27/modules/pending/discord_spellcheck-1.zip: 69%
2023-05-07T18:18:12.301Z [Modules] Streaming discord_spellcheck@1 to /home/developercode/.config/discord/0.0.27/modules/pending/discord_spellcheck-1.zip: 70%
2023-05-07T18:18:12.316Z [Modules] Streaming discord_spellcheck@1 to /home/developercode/.config/discord/0.0.27/modules/pending/discord_spellcheck-1.zip: 71%
2023-05-07T18:18:12.340Z [Modules] Streaming discord_spellcheck@1 to /home/developercode/.config/discord/0.0.27/modules/pending/discord_spellcheck-1.zip: 72%
2023-05-07T18:18:12.363Z [Modules] Streaming discord_spellcheck@1 to /home/developercode/.config/discord/0.0.27/modules/pending/discord_spellcheck-1.zip: 73%
2023-05-07T18:18:12.380Z [Modules] Streaming discord_spellcheck@1 to /home/developercode/.config/discord/0.0.27/modules/pending/discord_spellcheck-1.zip: 74%
2023-05-07T18:18:12.404Z [Modules] Streaming discord_spellcheck@1 to /home/developercode/.config/discord/0.0.27/modules/pending/discord_spellcheck-1.zip: 75%
2023-05-07T18:18:12.425Z [Modules] Streaming discord_spellcheck@1 to /home/developercode/.config/discord/0.0.27/modules/pending/discord_spellcheck-1.zip: 76%
2023-05-07T18:18:12.442Z [Modules] Streaming discord_spellcheck@1 to /home/developercode/.config/discord/0.0.27/modules/pending/discord_spellcheck-1.zip: 77%
2023-05-07T18:18:12.465Z [Modules] Streaming discord_spellcheck@1 to /home/developercode/.config/discord/0.0.27/modules/pending/discord_spellcheck-1.zip: 78%
2023-05-07T18:18:12.484Z [Modules] Streaming discord_spellcheck@1 to /home/developercode/.config/discord/0.0.27/modules/pending/discord_spellcheck-1.zip: 79%
2023-05-07T18:18:12.507Z [Modules] Streaming discord_spellcheck@1 to /home/developercode/.config/discord/0.0.27/modules/pending/discord_spellcheck-1.zip: 80%
2023-05-07T18:18:12.522Z [Modules] Streaming discord_spellcheck@1 to /home/developercode/.config/discord/0.0.27/modules/pending/discord_spellcheck-1.zip: 81%
2023-05-07T18:18:12.540Z [Modules] Streaming discord_spellcheck@1 to /home/developercode/.config/discord/0.0.27/modules/pending/discord_spellcheck-1.zip: 82%
2023-05-07T18:18:12.565Z [Modules] Streaming discord_spellcheck@1 to /home/developercode/.config/discord/0.0.27/modules/pending/discord_spellcheck-1.zip: 83%
2023-05-07T18:18:12.582Z [Modules] Streaming discord_spellcheck@1 to /home/developercode/.config/discord/0.0.27/modules/pending/discord_spellcheck-1.zip: 84%
2023-05-07T18:18:12.608Z [Modules] Streaming discord_spellcheck@1 to /home/developercode/.config/discord/0.0.27/modules/pending/discord_spellcheck-1.zip: 85%
2023-05-07T18:18:12.629Z [Modules] Streaming discord_spellcheck@1 to /home/developercode/.config/discord/0.0.27/modules/pending/discord_spellcheck-1.zip: 86%
2023-05-07T18:18:12.648Z [Modules] Streaming discord_spellcheck@1 to /home/developercode/.config/discord/0.0.27/modules/pending/discord_spellcheck-1.zip: 87%
2023-05-07T18:18:12.672Z [Modules] Streaming discord_spellcheck@1 to /home/developercode/.config/discord/0.0.27/modules/pending/discord_spellcheck-1.zip: 88%
2023-05-07T18:18:12.702Z [Modules] Streaming discord_spellcheck@1 to /home/developercode/.config/discord/0.0.27/modules/pending/discord_spellcheck-1.zip: 89%
2023-05-07T18:18:12.725Z [Modules] Streaming discord_spellcheck@1 to /home/developercode/.config/discord/0.0.27/modules/pending/discord_spellcheck-1.zip: 90%
2023-05-07T18:18:12.750Z [Modules] Streaming discord_spellcheck@1 to /home/developercode/.config/discord/0.0.27/modules/pending/discord_spellcheck-1.zip: 91%
2023-05-07T18:18:12.768Z [Modules] Streaming discord_spellcheck@1 to /home/developercode/.config/discord/0.0.27/modules/pending/discord_spellcheck-1.zip: 92%
2023-05-07T18:18:12.786Z [Modules] Streaming discord_spellcheck@1 to /home/developercode/.config/discord/0.0.27/modules/pending/discord_spellcheck-1.zip: 93%
2023-05-07T18:18:12.819Z [Modules] Streaming discord_spellcheck@1 to /home/developercode/.config/discord/0.0.27/modules/pending/discord_spellcheck-1.zip: 94%
2023-05-07T18:18:12.830Z [Modules] Streaming discord_spellcheck@1 to /home/developercode/.config/discord/0.0.27/modules/pending/discord_spellcheck-1.zip: 95%
2023-05-07T18:18:12.852Z [Modules] Streaming discord_spellcheck@1 to /home/developercode/.config/discord/0.0.27/modules/pending/discord_spellcheck-1.zip: 96%
2023-05-07T18:18:12.871Z [Modules] Streaming discord_spellcheck@1 to /home/developercode/.config/discord/0.0.27/modules/pending/discord_spellcheck-1.zip: 97%
2023-05-07T18:18:12.898Z [Modules] Streaming discord_spellcheck@1 to /home/developercode/.config/discord/0.0.27/modules/pending/discord_spellcheck-1.zip: 98%
2023-05-07T18:18:12.911Z [Modules] Streaming discord_spellcheck@1 to /home/developercode/.config/discord/0.0.27/modules/pending/discord_spellcheck-1.zip: 99%
2023-05-07T18:18:12.927Z [Modules] Streaming discord_spellcheck@1 to /home/developercode/.config/discord/0.0.27/modules/pending/discord_spellcheck-1.zip: 100%
2023-05-07T18:18:12.930Z [Modules] Fetching discord_utils@1 from https://discord.com/api/modules/stable/discord_utils/1
2023-05-07T18:18:12.930Z [Modules] Streaming discord_utils@1 to /home/developercode/.config/discord/0.0.27/modules/pending/discord_utils-1.zip
2023-05-07T18:18:13.246Z [Modules] Streaming discord_utils@1 to /home/developercode/.config/discord/0.0.27/modules/pending/discord_utils-1.zip: 1%
2023-05-07T18:18:13.255Z [Modules] Streaming discord_utils@1 to /home/developercode/.config/discord/0.0.27/modules/pending/discord_utils-1.zip: 2%
2023-05-07T18:18:13.259Z [Modules] Streaming discord_utils@1 to /home/developercode/.config/discord/0.0.27/modules/pending/discord_utils-1.zip: 3%
2023-05-07T18:18:13.267Z [Modules] Streaming discord_utils@1 to /home/developercode/.config/discord/0.0.27/modules/pending/discord_utils-1.zip: 4%
2023-05-07T18:18:13.275Z [Modules] Streaming discord_utils@1 to /home/developercode/.config/discord/0.0.27/modules/pending/discord_utils-1.zip: 5%
2023-05-07T18:18:13.281Z [Modules] Streaming discord_utils@1 to /home/developercode/.config/discord/0.0.27/modules/pending/discord_utils-1.zip: 6%
2023-05-07T18:18:13.285Z [Modules] Streaming discord_utils@1 to /home/developercode/.config/discord/0.0.27/modules/pending/discord_utils-1.zip: 7%
2023-05-07T18:18:13.290Z [Modules] Streaming discord_utils@1 to /home/developercode/.config/discord/0.0.27/modules/pending/discord_utils-1.zip: 8%
2023-05-07T18:18:13.295Z [Modules] Streaming discord_utils@1 to /home/developercode/.config/discord/0.0.27/modules/pending/discord_utils-1.zip: 9%
2023-05-07T18:18:13.301Z [Modules] Streaming discord_utils@1 to /home/developercode/.config/discord/0.0.27/modules/pending/discord_utils-1.zip: 10%
2023-05-07T18:18:13.305Z [Modules] Streaming discord_utils@1 to /home/developercode/.config/discord/0.0.27/modules/pending/discord_utils-1.zip: 11%
2023-05-07T18:18:13.311Z [Modules] Streaming discord_utils@1 to /home/developercode/.config/discord/0.0.27/modules/pending/discord_utils-1.zip: 12%
2023-05-07T18:18:13.319Z [Modules] Streaming discord_utils@1 to /home/developercode/.config/discord/0.0.27/modules/pending/discord_utils-1.zip: 13%
2023-05-07T18:18:13.324Z [Modules] Streaming discord_utils@1 to /home/developercode/.config/discord/0.0.27/modules/pending/discord_utils-1.zip: 14%
2023-05-07T18:18:13.329Z [Modules] Streaming discord_utils@1 to /home/developercode/.config/discord/0.0.27/modules/pending/discord_utils-1.zip: 15%
2023-05-07T18:18:13.334Z [Modules] Streaming discord_utils@1 to /home/developercode/.config/discord/0.0.27/modules/pending/discord_utils-1.zip: 16%
2023-05-07T18:18:13.339Z [Modules] Streaming discord_utils@1 to /home/developercode/.config/discord/0.0.27/modules/pending/discord_utils-1.zip: 17%
2023-05-07T18:18:13.344Z [Modules] Streaming discord_utils@1 to /home/developercode/.config/discord/0.0.27/modules/pending/discord_utils-1.zip: 18%
2023-05-07T18:18:13.350Z [Modules] Streaming discord_utils@1 to /home/developercode/.config/discord/0.0.27/modules/pending/discord_utils-1.zip: 19%
2023-05-07T18:18:13.359Z [Modules] Streaming discord_utils@1 to /home/developercode/.config/discord/0.0.27/modules/pending/discord_utils-1.zip: 20%
2023-05-07T18:18:13.363Z [Modules] Streaming discord_utils@1 to /home/developercode/.config/discord/0.0.27/modules/pending/discord_utils-1.zip: 21%
2023-05-07T18:18:13.368Z [Modules] Streaming discord_utils@1 to /home/developercode/.config/discord/0.0.27/modules/pending/discord_utils-1.zip: 22%
2023-05-07T18:18:13.378Z [Modules] Streaming discord_utils@1 to /home/developercode/.config/discord/0.0.27/modules/pending/discord_utils-1.zip: 23%
2023-05-07T18:18:13.383Z [Modules] Streaming discord_utils@1 to /home/developercode/.config/discord/0.0.27/modules/pending/discord_utils-1.zip: 24%
2023-05-07T18:18:13.388Z [Modules] Streaming discord_utils@1 to /home/developercode/.config/discord/0.0.27/modules/pending/discord_utils-1.zip: 25%
2023-05-07T18:18:13.396Z [Modules] Streaming discord_utils@1 to /home/developercode/.config/discord/0.0.27/modules/pending/discord_utils-1.zip: 26%
2023-05-07T18:18:13.400Z [Modules] Streaming discord_utils@1 to /home/developercode/.config/discord/0.0.27/modules/pending/discord_utils-1.zip: 27%
2023-05-07T18:18:13.405Z [Modules] Streaming discord_utils@1 to /home/developercode/.config/discord/0.0.27/modules/pending/discord_utils-1.zip: 28%
2023-05-07T18:18:13.411Z [Modules] Streaming discord_utils@1 to /home/developercode/.config/discord/0.0.27/modules/pending/discord_utils-1.zip: 29%
2023-05-07T18:18:13.415Z [Modules] Streaming discord_utils@1 to /home/developercode/.config/discord/0.0.27/modules/pending/discord_utils-1.zip: 30%
2023-05-07T18:18:13.423Z [Modules] Streaming discord_utils@1 to /home/developercode/.config/discord/0.0.27/modules/pending/discord_utils-1.zip: 31%
2023-05-07T18:18:13.429Z [Modules] Streaming discord_utils@1 to /home/developercode/.config/discord/0.0.27/modules/pending/discord_utils-1.zip: 32%
2023-05-07T18:18:13.439Z [Modules] Streaming discord_utils@1 to /home/developercode/.config/discord/0.0.27/modules/pending/discord_utils-1.zip: 34%
2023-05-07T18:18:13.444Z [Modules] Streaming discord_utils@1 to /home/developercode/.config/discord/0.0.27/modules/pending/discord_utils-1.zip: 35%
2023-05-07T18:18:13.448Z [Modules] Streaming discord_utils@1 to /home/developercode/.config/discord/0.0.27/modules/pending/discord_utils-1.zip: 36%
2023-05-07T18:18:13.453Z [Modules] Streaming discord_utils@1 to /home/developercode/.config/discord/0.0.27/modules/pending/discord_utils-1.zip: 37%
2023-05-07T18:18:13.461Z [Modules] Streaming discord_utils@1 to /home/developercode/.config/discord/0.0.27/modules/pending/discord_utils-1.zip: 38%
2023-05-07T18:18:13.466Z [Modules] Streaming discord_utils@1 to /home/developercode/.config/discord/0.0.27/modules/pending/discord_utils-1.zip: 39%
2023-05-07T18:18:13.471Z [Modules] Streaming discord_utils@1 to /home/developercode/.config/discord/0.0.27/modules/pending/discord_utils-1.zip: 40%
2023-05-07T18:18:13.479Z [Modules] Streaming discord_utils@1 to /home/developercode/.config/discord/0.0.27/modules/pending/discord_utils-1.zip: 41%
2023-05-07T18:18:13.485Z [Modules] Streaming discord_utils@1 to /home/developercode/.config/discord/0.0.27/modules/pending/discord_utils-1.zip: 42%
2023-05-07T18:18:13.490Z [Modules] Streaming discord_utils@1 to /home/developercode/.config/discord/0.0.27/modules/pending/discord_utils-1.zip: 43%
2023-05-07T18:18:13.498Z [Modules] Streaming discord_utils@1 to /home/developercode/.config/discord/0.0.27/modules/pending/discord_utils-1.zip: 44%
2023-05-07T18:18:13.503Z [Modules] Streaming discord_utils@1 to /home/developercode/.config/discord/0.0.27/modules/pending/discord_utils-1.zip: 45%
2023-05-07T18:18:13.508Z [Modules] Streaming discord_utils@1 to /home/developercode/.config/discord/0.0.27/modules/pending/discord_utils-1.zip: 46%
2023-05-07T18:18:13.513Z [Modules] Streaming discord_utils@1 to /home/developercode/.config/discord/0.0.27/modules/pending/discord_utils-1.zip: 47%
2023-05-07T18:18:13.518Z [Modules] Streaming discord_utils@1 to /home/developercode/.config/discord/0.0.27/modules/pending/discord_utils-1.zip: 48%
2023-05-07T18:18:13.526Z [Modules] Streaming discord_utils@1 to /home/developercode/.config/discord/0.0.27/modules/pending/discord_utils-1.zip: 49%
2023-05-07T18:18:13.531Z [Modules] Streaming discord_utils@1 to /home/developercode/.config/discord/0.0.27/modules/pending/discord_utils-1.zip: 50%
2023-05-07T18:18:13.536Z [Modules] Streaming discord_utils@1 to /home/developercode/.config/discord/0.0.27/modules/pending/discord_utils-1.zip: 51%
2023-05-07T18:18:13.542Z [Modules] Streaming discord_utils@1 to /home/developercode/.config/discord/0.0.27/modules/pending/discord_utils-1.zip: 52%
2023-05-07T18:18:13.546Z [Modules] Streaming discord_utils@1 to /home/developercode/.config/discord/0.0.27/modules/pending/discord_utils-1.zip: 53%
2023-05-07T18:18:13.552Z [Modules] Streaming discord_utils@1 to /home/developercode/.config/discord/0.0.27/modules/pending/discord_utils-1.zip: 54%
2023-05-07T18:18:13.558Z [Modules] Streaming discord_utils@1 to /home/developercode/.config/discord/0.0.27/modules/pending/discord_utils-1.zip: 55%
2023-05-07T18:18:13.564Z [Modules] Streaming discord_utils@1 to /home/developercode/.config/discord/0.0.27/modules/pending/discord_utils-1.zip: 56%
2023-05-07T18:18:13.568Z [Modules] Streaming discord_utils@1 to /home/developercode/.config/discord/0.0.27/modules/pending/discord_utils-1.zip: 57%
2023-05-07T18:18:13.582Z [Modules] Streaming discord_utils@1 to /home/developercode/.config/discord/0.0.27/modules/pending/discord_utils-1.zip: 59%
2023-05-07T18:18:13.588Z [Modules] Streaming discord_utils@1 to /home/developercode/.config/discord/0.0.27/modules/pending/discord_utils-1.zip: 60%
2023-05-07T18:18:13.592Z [Modules] Streaming discord_utils@1 to /home/developercode/.config/discord/0.0.27/modules/pending/discord_utils-1.zip: 61%
2023-05-07T18:18:13.600Z [Modules] Streaming discord_utils@1 to /home/developercode/.config/discord/0.0.27/modules/pending/discord_utils-1.zip: 62%
2023-05-07T18:18:13.605Z [Modules] Streaming discord_utils@1 to /home/developercode/.config/discord/0.0.27/modules/pending/discord_utils-1.zip: 63%
2023-05-07T18:18:13.610Z [Modules] Streaming discord_utils@1 to /home/developercode/.config/discord/0.0.27/modules/pending/discord_utils-1.zip: 64%
2023-05-07T18:18:13.615Z [Modules] Streaming discord_utils@1 to /home/developercode/.config/discord/0.0.27/modules/pending/discord_utils-1.zip: 65%
2023-05-07T18:18:13.620Z [Modules] Streaming discord_utils@1 to /home/developercode/.config/discord/0.0.27/modules/pending/discord_utils-1.zip: 66%
2023-05-07T18:18:13.628Z [Modules] Streaming discord_utils@1 to /home/developercode/.config/discord/0.0.27/modules/pending/discord_utils-1.zip: 67%
2023-05-07T18:18:13.633Z [Modules] Streaming discord_utils@1 to /home/developercode/.config/discord/0.0.27/modules/pending/discord_utils-1.zip: 68%
2023-05-07T18:18:13.637Z [Modules] Streaming discord_utils@1 to /home/developercode/.config/discord/0.0.27/modules/pending/discord_utils-1.zip: 69%
2023-05-07T18:18:13.641Z [Modules] Streaming discord_utils@1 to /home/developercode/.config/discord/0.0.27/modules/pending/discord_utils-1.zip: 70%
2023-05-07T18:18:13.647Z [Modules] Streaming discord_utils@1 to /home/developercode/.config/discord/0.0.27/modules/pending/discord_utils-1.zip: 71%
2023-05-07T18:18:13.652Z [Modules] Streaming discord_utils@1 to /home/developercode/.config/discord/0.0.27/modules/pending/discord_utils-1.zip: 72%
2023-05-07T18:18:13.658Z [Modules] Streaming discord_utils@1 to /home/developercode/.config/discord/0.0.27/modules/pending/discord_utils-1.zip: 73%
2023-05-07T18:18:13.666Z [Modules] Streaming discord_utils@1 to /home/developercode/.config/discord/0.0.27/modules/pending/discord_utils-1.zip: 74%
2023-05-07T18:18:13.671Z [Modules] Streaming discord_utils@1 to /home/developercode/.config/discord/0.0.27/modules/pending/discord_utils-1.zip: 75%
2023-05-07T18:18:13.685Z [Modules] Streaming discord_utils@1 to /home/developercode/.config/discord/0.0.27/modules/pending/discord_utils-1.zip: 76%
2023-05-07T18:18:13.692Z [Modules] Streaming discord_utils@1 to /home/developercode/.config/discord/0.0.27/modules/pending/discord_utils-1.zip: 77%
2023-05-07T18:18:13.699Z [Modules] Streaming discord_utils@1 to /home/developercode/.config/discord/0.0.27/modules/pending/discord_utils-1.zip: 78%
2023-05-07T18:18:13.705Z [Modules] Streaming discord_utils@1 to /home/developercode/.config/discord/0.0.27/modules/pending/discord_utils-1.zip: 79%
2023-05-07T18:18:13.711Z [Modules] Streaming discord_utils@1 to /home/developercode/.config/discord/0.0.27/modules/pending/discord_utils-1.zip: 81%
2023-05-07T18:18:13.721Z [Modules] Streaming discord_utils@1 to /home/developercode/.config/discord/0.0.27/modules/pending/discord_utils-1.zip: 82%
2023-05-07T18:18:13.729Z [Modules] Streaming discord_utils@1 to /home/developercode/.config/discord/0.0.27/modules/pending/discord_utils-1.zip: 83%
2023-05-07T18:18:13.735Z [Modules] Streaming discord_utils@1 to /home/developercode/.config/discord/0.0.27/modules/pending/discord_utils-1.zip: 84%
2023-05-07T18:18:13.744Z [Modules] Streaming discord_utils@1 to /home/developercode/.config/discord/0.0.27/modules/pending/discord_utils-1.zip: 86%
2023-05-07T18:18:13.750Z [Modules] Streaming discord_utils@1 to /home/developercode/.config/discord/0.0.27/modules/pending/discord_utils-1.zip: 87%
2023-05-07T18:18:13.755Z [Modules] Streaming discord_utils@1 to /home/developercode/.config/discord/0.0.27/modules/pending/discord_utils-1.zip: 88%
2023-05-07T18:18:13.760Z [Modules] Streaming discord_utils@1 to /home/developercode/.config/discord/0.0.27/modules/pending/discord_utils-1.zip: 89%
2023-05-07T18:18:13.776Z [Modules] Streaming discord_utils@1 to /home/developercode/.config/discord/0.0.27/modules/pending/discord_utils-1.zip: 91%
2023-05-07T18:18:13.791Z [Modules] Streaming discord_utils@1 to /home/developercode/.config/discord/0.0.27/modules/pending/discord_utils-1.zip: 92%
2023-05-07T18:18:13.805Z [Modules] Streaming discord_utils@1 to /home/developercode/.config/discord/0.0.27/modules/pending/discord_utils-1.zip: 93%
2023-05-07T18:18:13.809Z [Modules] Streaming discord_utils@1 to /home/developercode/.config/discord/0.0.27/modules/pending/discord_utils-1.zip: 94%
2023-05-07T18:18:13.820Z [Modules] Streaming discord_utils@1 to /home/developercode/.config/discord/0.0.27/modules/pending/discord_utils-1.zip: 96%
2023-05-07T18:18:13.834Z [Modules] Streaming discord_utils@1 to /home/developercode/.config/discord/0.0.27/modules/pending/discord_utils-1.zip: 97%
2023-05-07T18:18:13.839Z [Modules] Streaming discord_utils@1 to /home/developercode/.config/discord/0.0.27/modules/pending/discord_utils-1.zip: 98%
2023-05-07T18:18:13.841Z [Modules] Streaming discord_utils@1 to /home/developercode/.config/discord/0.0.27/modules/pending/discord_utils-1.zip: 100%
2023-05-07T18:18:13.843Z [Modules] Fetching discord_voice@1 from https://discord.com/api/modules/stable/discord_voice/1
2023-05-07T18:18:13.843Z [Modules] Streaming discord_voice@1 to /home/developercode/.config/discord/0.0.27/modules/pending/discord_voice-1.zip
2023-05-07T18:18:14.216Z [Modules] Streaming discord_voice@1 to /home/developercode/.config/discord/0.0.27/modules/pending/discord_voice-1.zip: 1%
2023-05-07T18:18:14.260Z [Modules] Streaming discord_voice@1 to /home/developercode/.config/discord/0.0.27/modules/pending/discord_voice-1.zip: 2%
2023-05-07T18:18:14.300Z [Modules] Streaming discord_voice@1 to /home/developercode/.config/discord/0.0.27/modules/pending/discord_voice-1.zip: 3%
2023-05-07T18:18:14.339Z [Modules] Streaming discord_voice@1 to /home/developercode/.config/discord/0.0.27/modules/pending/discord_voice-1.zip: 4%
2023-05-07T18:18:14.377Z [Modules] Streaming discord_voice@1 to /home/developercode/.config/discord/0.0.27/modules/pending/discord_voice-1.zip: 5%
2023-05-07T18:18:14.411Z [Modules] Streaming discord_voice@1 to /home/developercode/.config/discord/0.0.27/modules/pending/discord_voice-1.zip: 6%
2023-05-07T18:18:14.454Z [Modules] Streaming discord_voice@1 to /home/developercode/.config/discord/0.0.27/modules/pending/discord_voice-1.zip: 7%
2023-05-07T18:18:14.492Z [Modules] Streaming discord_voice@1 to /home/developercode/.config/discord/0.0.27/modules/pending/discord_voice-1.zip: 8%
2023-05-07T18:18:14.535Z [Modules] Streaming discord_voice@1 to /home/developercode/.config/discord/0.0.27/modules/pending/discord_voice-1.zip: 9%
2023-05-07T18:18:14.569Z [Modules] Streaming discord_voice@1 to /home/developercode/.config/discord/0.0.27/modules/pending/discord_voice-1.zip: 10%
2023-05-07T18:18:14.612Z [Modules] Streaming discord_voice@1 to /home/developercode/.config/discord/0.0.27/modules/pending/discord_voice-1.zip: 11%
2023-05-07T18:18:14.646Z [Modules] Streaming discord_voice@1 to /home/developercode/.config/discord/0.0.27/modules/pending/discord_voice-1.zip: 12%
2023-05-07T18:18:14.687Z [Modules] Streaming discord_voice@1 to /home/developercode/.config/discord/0.0.27/modules/pending/discord_voice-1.zip: 13%
2023-05-07T18:18:14.727Z [Modules] Streaming discord_voice@1 to /home/developercode/.config/discord/0.0.27/modules/pending/discord_voice-1.zip: 14%
2023-05-07T18:18:14.763Z [Modules] Streaming discord_voice@1 to /home/developercode/.config/discord/0.0.27/modules/pending/discord_voice-1.zip: 15%
2023-05-07T18:18:14.800Z [Modules] Streaming discord_voice@1 to /home/developercode/.config/discord/0.0.27/modules/pending/discord_voice-1.zip: 16%
2023-05-07T18:18:14.843Z [Modules] Streaming discord_voice@1 to /home/developercode/.config/discord/0.0.27/modules/pending/discord_voice-1.zip: 17%
2023-05-07T18:18:14.881Z [Modules] Streaming discord_voice@1 to /home/developercode/.config/discord/0.0.27/modules/pending/discord_voice-1.zip: 18%
2023-05-07T18:18:14.920Z [Modules] Streaming discord_voice@1 to /home/developercode/.config/discord/0.0.27/modules/pending/discord_voice-1.zip: 19%
2023-05-07T18:18:14.959Z [Modules] Streaming discord_voice@1 to /home/developercode/.config/discord/0.0.27/modules/pending/discord_voice-1.zip: 20%
2023-05-07T18:18:14.991Z [Modules] Streaming discord_voice@1 to /home/developercode/.config/discord/0.0.27/modules/pending/discord_voice-1.zip: 21%
2023-05-07T18:18:15.032Z [Modules] Streaming discord_voice@1 to /home/developercode/.config/discord/0.0.27/modules/pending/discord_voice-1.zip: 22%
2023-05-07T18:18:15.071Z [Modules] Streaming discord_voice@1 to /home/developercode/.config/discord/0.0.27/modules/pending/discord_voice-1.zip: 23%
2023-05-07T18:18:15.103Z [Modules] Streaming discord_voice@1 to /home/developercode/.config/discord/0.0.27/modules/pending/discord_voice-1.zip: 24%
2023-05-07T18:18:15.152Z [Modules] Streaming discord_voice@1 to /home/developercode/.config/discord/0.0.27/modules/pending/discord_voice-1.zip: 25%
2023-05-07T18:18:15.186Z [Modules] Streaming discord_voice@1 to /home/developercode/.config/discord/0.0.27/modules/pending/discord_voice-1.zip: 26%
2023-05-07T18:18:15.240Z [Modules] Streaming discord_voice@1 to /home/developercode/.config/discord/0.0.27/modules/pending/discord_voice-1.zip: 27%
2023-05-07T18:18:15.289Z [Modules] Streaming discord_voice@1 to /home/developercode/.config/discord/0.0.27/modules/pending/discord_voice-1.zip: 28%
2023-05-07T18:18:15.342Z [Modules] Streaming discord_voice@1 to /home/developercode/.config/discord/0.0.27/modules/pending/discord_voice-1.zip: 29%
2023-05-07T18:18:15.386Z [Modules] Streaming discord_voice@1 to /home/developercode/.config/discord/0.0.27/modules/pending/discord_voice-1.zip: 30%
2023-05-07T18:18:15.412Z [Modules] Streaming discord_voice@1 to /home/developercode/.config/discord/0.0.27/modules/pending/discord_voice-1.zip: 31%
2023-05-07T18:18:15.455Z [Modules] Streaming discord_voice@1 to /home/developercode/.config/discord/0.0.27/modules/pending/discord_voice-1.zip: 32%
2023-05-07T18:18:15.494Z [Modules] Streaming discord_voice@1 to /home/developercode/.config/discord/0.0.27/modules/pending/discord_voice-1.zip: 33%
2023-05-07T18:18:15.533Z [Modules] Streaming discord_voice@1 to /home/developercode/.config/discord/0.0.27/modules/pending/discord_voice-1.zip: 34%
2023-05-07T18:18:15.566Z [Modules] Streaming discord_voice@1 to /home/developercode/.config/discord/0.0.27/modules/pending/discord_voice-1.zip: 35%
2023-05-07T18:18:15.611Z [Modules] Streaming discord_voice@1 to /home/developercode/.config/discord/0.0.27/modules/pending/discord_voice-1.zip: 36%
2023-05-07T18:18:15.645Z [Modules] Streaming discord_voice@1 to /home/developercode/.config/discord/0.0.27/modules/pending/discord_voice-1.zip: 37%
2023-05-07T18:18:15.697Z [Modules] Streaming discord_voice@1 to /home/developercode/.config/discord/0.0.27/modules/pending/discord_voice-1.zip: 38%
2023-05-07T18:18:15.746Z [Modules] Streaming discord_voice@1 to /home/developercode/.config/discord/0.0.27/modules/pending/discord_voice-1.zip: 39%
2023-05-07T18:18:15.813Z [Modules] Streaming discord_voice@1 to /home/developercode/.config/discord/0.0.27/modules/pending/discord_voice-1.zip: 40%
2023-05-07T18:18:15.863Z [Modules] Streaming discord_voice@1 to /home/developercode/.config/discord/0.0.27/modules/pending/discord_voice-1.zip: 41%
2023-05-07T18:18:15.912Z [Modules] Streaming discord_voice@1 to /home/developercode/.config/discord/0.0.27/modules/pending/discord_voice-1.zip: 42%
2023-05-07T18:18:15.961Z [Modules] Streaming discord_voice@1 to /home/developercode/.config/discord/0.0.27/modules/pending/discord_voice-1.zip: 43%
2023-05-07T18:18:16.002Z [Modules] Streaming discord_voice@1 to /home/developercode/.config/discord/0.0.27/modules/pending/discord_voice-1.zip: 44%
2023-05-07T18:18:16.037Z [Modules] Streaming discord_voice@1 to /home/developercode/.config/discord/0.0.27/modules/pending/discord_voice-1.zip: 45%
2023-05-07T18:18:16.078Z [Modules] Streaming discord_voice@1 to /home/developercode/.config/discord/0.0.27/modules/pending/discord_voice-1.zip: 46%
2023-05-07T18:18:16.112Z [Modules] Streaming discord_voice@1 to /home/developercode/.config/discord/0.0.27/modules/pending/discord_voice-1.zip: 47%
2023-05-07T18:18:16.153Z [Modules] Streaming discord_voice@1 to /home/developercode/.config/discord/0.0.27/modules/pending/discord_voice-1.zip: 48%
2023-05-07T18:18:16.196Z [Modules] Streaming discord_voice@1 to /home/developercode/.config/discord/0.0.27/modules/pending/discord_voice-1.zip: 49%
2023-05-07T18:18:16.232Z [Modules] Streaming discord_voice@1 to /home/developercode/.config/discord/0.0.27/modules/pending/discord_voice-1.zip: 50%
2023-05-07T18:18:16.278Z [Modules] Streaming discord_voice@1 to /home/developercode/.config/discord/0.0.27/modules/pending/discord_voice-1.zip: 51%
2023-05-07T18:18:16.321Z [Modules] Streaming discord_voice@1 to /home/developercode/.config/discord/0.0.27/modules/pending/discord_voice-1.zip: 52%
2023-05-07T18:18:16.361Z [Modules] Streaming discord_voice@1 to /home/developercode/.config/discord/0.0.27/modules/pending/discord_voice-1.zip: 53%
2023-05-07T18:18:16.407Z [Modules] Streaming discord_voice@1 to /home/developercode/.config/discord/0.0.27/modules/pending/discord_voice-1.zip: 54%
2023-05-07T18:18:16.451Z [Modules] Streaming discord_voice@1 to /home/developercode/.config/discord/0.0.27/modules/pending/discord_voice-1.zip: 55%
2023-05-07T18:18:16.495Z [Modules] Streaming discord_voice@1 to /home/developercode/.config/discord/0.0.27/modules/pending/discord_voice-1.zip: 56%
2023-05-07T18:18:16.529Z [Modules] Streaming discord_voice@1 to /home/developercode/.config/discord/0.0.27/modules/pending/discord_voice-1.zip: 57%
2023-05-07T18:18:16.574Z [Modules] Streaming discord_voice@1 to /home/developercode/.config/discord/0.0.27/modules/pending/discord_voice-1.zip: 58%
2023-05-07T18:18:16.621Z [Modules] Streaming discord_voice@1 to /home/developercode/.config/discord/0.0.27/modules/pending/discord_voice-1.zip: 59%
2023-05-07T18:18:16.675Z [Modules] Streaming discord_voice@1 to /home/developercode/.config/discord/0.0.27/modules/pending/discord_voice-1.zip: 60%
2023-05-07T18:18:16.719Z [Modules] Streaming discord_voice@1 to /home/developercode/.config/discord/0.0.27/modules/pending/discord_voice-1.zip: 61%
2023-05-07T18:18:16.758Z [Modules] Streaming discord_voice@1 to /home/developercode/.config/discord/0.0.27/modules/pending/discord_voice-1.zip: 62%
2023-05-07T18:18:16.803Z [Modules] Streaming discord_voice@1 to /home/developercode/.config/discord/0.0.27/modules/pending/discord_voice-1.zip: 63%
2023-05-07T18:18:16.842Z [Modules] Streaming discord_voice@1 to /home/developercode/.config/discord/0.0.27/modules/pending/discord_voice-1.zip: 64%
2023-05-07T18:18:16.888Z [Modules] Streaming discord_voice@1 to /home/developercode/.config/discord/0.0.27/modules/pending/discord_voice-1.zip: 65%
2023-05-07T18:18:16.924Z [Modules] Streaming discord_voice@1 to /home/developercode/.config/discord/0.0.27/modules/pending/discord_voice-1.zip: 66%
2023-05-07T18:18:16.969Z [Modules] Streaming discord_voice@1 to /home/developercode/.config/discord/0.0.27/modules/pending/discord_voice-1.zip: 67%
2023-05-07T18:18:17.014Z [Modules] Streaming discord_voice@1 to /home/developercode/.config/discord/0.0.27/modules/pending/discord_voice-1.zip: 68%
2023-05-07T18:18:17.051Z [Modules] Streaming discord_voice@1 to /home/developercode/.config/discord/0.0.27/modules/pending/discord_voice-1.zip: 69%
2023-05-07T18:18:17.117Z [Modules] Streaming discord_voice@1 to /home/developercode/.config/discord/0.0.27/modules/pending/discord_voice-1.zip: 70%
2023-05-07T18:18:17.161Z [Modules] Streaming discord_voice@1 to /home/developercode/.config/discord/0.0.27/modules/pending/discord_voice-1.zip: 71%
2023-05-07T18:18:17.203Z [Modules] Streaming discord_voice@1 to /home/developercode/.config/discord/0.0.27/modules/pending/discord_voice-1.zip: 72%
2023-05-07T18:18:17.251Z [Modules] Streaming discord_voice@1 to /home/developercode/.config/discord/0.0.27/modules/pending/discord_voice-1.zip: 73%
2023-05-07T18:18:17.296Z [Modules] Streaming discord_voice@1 to /home/developercode/.config/discord/0.0.27/modules/pending/discord_voice-1.zip: 74%
2023-05-07T18:18:17.332Z [Modules] Streaming discord_voice@1 to /home/developercode/.config/discord/0.0.27/modules/pending/discord_voice-1.zip: 75%
2023-05-07T18:18:17.377Z [Modules] Streaming discord_voice@1 to /home/developercode/.config/discord/0.0.27/modules/pending/discord_voice-1.zip: 76%
2023-05-07T18:18:17.423Z [Modules] Streaming discord_voice@1 to /home/developercode/.config/discord/0.0.27/modules/pending/discord_voice-1.zip: 77%
2023-05-07T18:18:17.463Z [Modules] Streaming discord_voice@1 to /home/developercode/.config/discord/0.0.27/modules/pending/discord_voice-1.zip: 78%
2023-05-07T18:18:17.501Z [Modules] Streaming discord_voice@1 to /home/developercode/.config/discord/0.0.27/modules/pending/discord_voice-1.zip: 79%
2023-05-07T18:18:17.548Z [Modules] Streaming discord_voice@1 to /home/developercode/.config/discord/0.0.27/modules/pending/discord_voice-1.zip: 80%
2023-05-07T18:18:17.595Z [Modules] Streaming discord_voice@1 to /home/developercode/.config/discord/0.0.27/modules/pending/discord_voice-1.zip: 81%
2023-05-07T18:18:17.631Z [Modules] Streaming discord_voice@1 to /home/developercode/.config/discord/0.0.27/modules/pending/discord_voice-1.zip: 82%
2023-05-07T18:18:17.673Z [Modules] Streaming discord_voice@1 to /home/developercode/.config/discord/0.0.27/modules/pending/discord_voice-1.zip: 83%
2023-05-07T18:18:17.716Z [Modules] Streaming discord_voice@1 to /home/developercode/.config/discord/0.0.27/modules/pending/discord_voice-1.zip: 84%
2023-05-07T18:18:17.758Z [Modules] Streaming discord_voice@1 to /home/developercode/.config/discord/0.0.27/modules/pending/discord_voice-1.zip: 85%
2023-05-07T18:18:17.799Z [Modules] Streaming discord_voice@1 to /home/developercode/.config/discord/0.0.27/modules/pending/discord_voice-1.zip: 86%
2023-05-07T18:18:17.844Z [Modules] Streaming discord_voice@1 to /home/developercode/.config/discord/0.0.27/modules/pending/discord_voice-1.zip: 87%
2023-05-07T18:18:17.887Z [Modules] Streaming discord_voice@1 to /home/developercode/.config/discord/0.0.27/modules/pending/discord_voice-1.zip: 88%
2023-05-07T18:18:17.923Z [Modules] Streaming discord_voice@1 to /home/developercode/.config/discord/0.0.27/modules/pending/discord_voice-1.zip: 89%
2023-05-07T18:18:17.968Z [Modules] Streaming discord_voice@1 to /home/developercode/.config/discord/0.0.27/modules/pending/discord_voice-1.zip: 90%
2023-05-07T18:18:18.015Z [Modules] Streaming discord_voice@1 to /home/developercode/.config/discord/0.0.27/modules/pending/discord_voice-1.zip: 91%
2023-05-07T18:18:18.058Z [Modules] Streaming discord_voice@1 to /home/developercode/.config/discord/0.0.27/modules/pending/discord_voice-1.zip: 92%
2023-05-07T18:18:18.098Z [Modules] Streaming discord_voice@1 to /home/developercode/.config/discord/0.0.27/modules/pending/discord_voice-1.zip: 93%
2023-05-07T18:18:18.147Z [Modules] Streaming discord_voice@1 to /home/developercode/.config/discord/0.0.27/modules/pending/discord_voice-1.zip: 94%
2023-05-07T18:18:18.185Z [Modules] Streaming discord_voice@1 to /home/developercode/.config/discord/0.0.27/modules/pending/discord_voice-1.zip: 95%
2023-05-07T18:18:18.230Z [Modules] Streaming discord_voice@1 to /home/developercode/.config/discord/0.0.27/modules/pending/discord_voice-1.zip: 96%
2023-05-07T18:18:18.275Z [Modules] Streaming discord_voice@1 to /home/developercode/.config/discord/0.0.27/modules/pending/discord_voice-1.zip: 97%
2023-05-07T18:18:18.317Z [Modules] Streaming discord_voice@1 to /home/developercode/.config/discord/0.0.27/modules/pending/discord_voice-1.zip: 98%
2023-05-07T18:18:18.360Z [Modules] Streaming discord_voice@1 to /home/developercode/.config/discord/0.0.27/modules/pending/discord_voice-1.zip: 99%
2023-05-07T18:18:18.399Z [Modules] Streaming discord_voice@1 to /home/developercode/.config/discord/0.0.27/modules/pending/discord_voice-1.zip: 100%
2023-05-07T18:18:18.402Z [Modules] Finished module downloads. [success: 5] [failure: 0]
2023-05-07T18:18:18.402Z [Modules] Installing updates...
2023-05-07T18:18:18.402Z [Modules] Installing discord_desktop_core@1 from /home/developercode/.config/discord/0.0.27/modules/pending/discord_desktop_core-1.zip
2023-05-07T18:18:18.471Z [Modules] Installing discord_erlpack@1 from /home/developercode/.config/discord/0.0.27/modules/pending/discord_erlpack-1.zip
2023-05-07T18:18:18.541Z [Modules] Installing discord_spellcheck@1 from /home/developercode/.config/discord/0.0.27/modules/pending/discord_spellcheck-1.zip
2023-05-07T18:18:19.197Z [Modules] Installing discord_utils@1 from /home/developercode/.config/discord/0.0.27/modules/pending/discord_utils-1.zip
2023-05-07T18:18:19.552Z [Modules] Installing discord_voice@1 from /home/developercode/.config/discord/0.0.27/modules/pending/discord_voice-1.zip
2023-05-07T18:18:20.343Z [Modules] Finished module installations. [success: 5] [failure: 0]
2023-05-07T18:18:20.343Z [Modules] Checking for host updates.
2023-05-07T18:18:20.590Z [Modules] Host is up to date.
2023-05-07T18:18:20.590Z [Modules] Checking for module updates at https://discord.com/api/modules/stable/versions.json
2023-05-07T18:18:20.595Z [Modules] No module updates available.
2023-05-07T18:18:22.637Z [Modules] Starting to install discord_krisp...
2023-05-07T18:18:22.637Z [Modules] Fetching discord_krisp@1 from https://discord.com/api/modules/stable/discord_krisp/1
2023-05-07T18:18:22.637Z [Modules] Streaming discord_krisp@1 to /home/developercode/.config/discord/0.0.27/modules/pending/discord_krisp-1.zip
2023-05-07T18:18:22.773Z [Modules] Starting to install discord_game_utils...
2023-05-07T18:18:22.924Z [Modules] Streaming discord_krisp@1 to /home/developercode/.config/discord/0.0.27/modules/pending/discord_krisp-1.zip: 1%
2023-05-07T18:18:22.970Z [Modules] Streaming discord_krisp@1 to /home/developercode/.config/discord/0.0.27/modules/pending/discord_krisp-1.zip: 2%
2023-05-07T18:18:23.030Z [Modules] Streaming discord_krisp@1 to /home/developercode/.config/discord/0.0.27/modules/pending/discord_krisp-1.zip: 3%
2023-05-07T18:18:23.143Z [Modules] Streaming discord_krisp@1 to /home/developercode/.config/discord/0.0.27/modules/pending/discord_krisp-1.zip: 4%
2023-05-07T18:18:23.152Z [Modules] Streaming discord_krisp@1 to /home/developercode/.config/discord/0.0.27/modules/pending/discord_krisp-1.zip: 5%
2023-05-07T18:18:23.177Z [Modules] Streaming discord_krisp@1 to /home/developercode/.config/discord/0.0.27/modules/pending/discord_krisp-1.zip: 6%
2023-05-07T18:18:23.223Z [Modules] Streaming discord_krisp@1 to /home/developercode/.config/discord/0.0.27/modules/pending/discord_krisp-1.zip: 7%
2023-05-07T18:18:23.272Z [Modules] Streaming discord_krisp@1 to /home/developercode/.config/discord/0.0.27/modules/pending/discord_krisp-1.zip: 8%
2023-05-07T18:18:23.322Z [Modules] Streaming discord_krisp@1 to /home/developercode/.config/discord/0.0.27/modules/pending/discord_krisp-1.zip: 9%
2023-05-07T18:18:23.374Z [Modules] Streaming discord_krisp@1 to /home/developercode/.config/discord/0.0.27/modules/pending/discord_krisp-1.zip: 10%
2023-05-07T18:18:23.457Z [Modules] Streaming discord_krisp@1 to /home/developercode/.config/discord/0.0.27/modules/pending/discord_krisp-1.zip: 11%
2023-05-07T18:18:23.498Z [Modules] Streaming discord_krisp@1 to /home/developercode/.config/discord/0.0.27/modules/pending/discord_krisp-1.zip: 12%
2023-05-07T18:18:23.540Z [Modules] Streaming discord_krisp@1 to /home/developercode/.config/discord/0.0.27/modules/pending/discord_krisp-1.zip: 13%
2023-05-07T18:18:23.584Z [Modules] Streaming discord_krisp@1 to /home/developercode/.config/discord/0.0.27/modules/pending/discord_krisp-1.zip: 14%
2023-05-07T18:18:23.629Z [Modules] Streaming discord_krisp@1 to /home/developercode/.config/discord/0.0.27/modules/pending/discord_krisp-1.zip: 15%
2023-05-07T18:18:23.670Z [Modules] Streaming discord_krisp@1 to /home/developercode/.config/discord/0.0.27/modules/pending/discord_krisp-1.zip: 16%
2023-05-07T18:18:23.711Z [Modules] Streaming discord_krisp@1 to /home/developercode/.config/discord/0.0.27/modules/pending/discord_krisp-1.zip: 17%
2023-05-07T18:18:23.753Z [Modules] Streaming discord_krisp@1 to /home/developercode/.config/discord/0.0.27/modules/pending/discord_krisp-1.zip: 18%
2023-05-07T18:18:23.793Z [Modules] Streaming discord_krisp@1 to /home/developercode/.config/discord/0.0.27/modules/pending/discord_krisp-1.zip: 19%
2023-05-07T18:18:23.830Z [Modules] Checking for host updates.
2023-05-07T18:18:23.837Z [Modules] Streaming discord_krisp@1 to /home/developercode/.config/discord/0.0.27/modules/pending/discord_krisp-1.zip: 20%
2023-05-07T18:18:23.887Z [Modules] Streaming discord_krisp@1 to /home/developercode/.config/discord/0.0.27/modules/pending/discord_krisp-1.zip: 21%
2023-05-07T18:18:23.930Z [Modules] Streaming discord_krisp@1 to /home/developercode/.config/discord/0.0.27/modules/pending/discord_krisp-1.zip: 22%
2023-05-07T18:18:23.978Z [Modules] Streaming discord_krisp@1 to /home/developercode/.config/discord/0.0.27/modules/pending/discord_krisp-1.zip: 23%
2023-05-07T18:18:24.015Z [Modules] Streaming discord_krisp@1 to /home/developercode/.config/discord/0.0.27/modules/pending/discord_krisp-1.zip: 24%
2023-05-07T18:18:24.061Z [Modules] Streaming discord_krisp@1 to /home/developercode/.config/discord/0.0.27/modules/pending/discord_krisp-1.zip: 25%
2023-05-07T18:18:24.105Z [Modules] Streaming discord_krisp@1 to /home/developercode/.config/discord/0.0.27/modules/pending/discord_krisp-1.zip: 26%
2023-05-07T18:18:24.111Z [Modules] Host is up to date.
2023-05-07T18:18:24.112Z [Modules] Checking for module updates at https://discord.com/api/modules/stable/versions.json
2023-05-07T18:18:24.115Z [Modules] No module updates available.
2023-05-07T18:18:24.147Z [Modules] Streaming discord_krisp@1 to /home/developercode/.config/discord/0.0.27/modules/pending/discord_krisp-1.zip: 27%
2023-05-07T18:18:24.155Z [Modules] Starting to install discord_rpc...
2023-05-07T18:18:24.198Z [Modules] Streaming discord_krisp@1 to /home/developercode/.config/discord/0.0.27/modules/pending/discord_krisp-1.zip: 28%
2023-05-07T18:18:24.240Z [Modules] Streaming discord_krisp@1 to /home/developercode/.config/discord/0.0.27/modules/pending/discord_krisp-1.zip: 29%
2023-05-07T18:18:24.285Z [Modules] Streaming discord_krisp@1 to /home/developercode/.config/discord/0.0.27/modules/pending/discord_krisp-1.zip: 30%
2023-05-07T18:18:24.345Z [Modules] Streaming discord_krisp@1 to /home/developercode/.config/discord/0.0.27/modules/pending/discord_krisp-1.zip: 31%
2023-05-07T18:18:24.383Z [Modules] Streaming discord_krisp@1 to /home/developercode/.config/discord/0.0.27/modules/pending/discord_krisp-1.zip: 32%
2023-05-07T18:18:24.425Z [Modules] Streaming discord_krisp@1 to /home/developercode/.config/discord/0.0.27/modules/pending/discord_krisp-1.zip: 33%
2023-05-07T18:18:24.469Z [Modules] Streaming discord_krisp@1 to /home/developercode/.config/discord/0.0.27/modules/pending/discord_krisp-1.zip: 34%
2023-05-07T18:18:24.510Z [Modules] Streaming discord_krisp@1 to /home/developercode/.config/discord/0.0.27/modules/pending/discord_krisp-1.zip: 35%
2023-05-07T18:18:24.558Z [Modules] Streaming discord_krisp@1 to /home/developercode/.config/discord/0.0.27/modules/pending/discord_krisp-1.zip: 36%
2023-05-07T18:18:24.593Z [Modules] Streaming discord_krisp@1 to /home/developercode/.config/discord/0.0.27/modules/pending/discord_krisp-1.zip: 37%
2023-05-07T18:18:24.647Z [Modules] Streaming discord_krisp@1 to /home/developercode/.config/discord/0.0.27/modules/pending/discord_krisp-1.zip: 38%
2023-05-07T18:18:24.688Z [Modules] Streaming discord_krisp@1 to /home/developercode/.config/discord/0.0.27/modules/pending/discord_krisp-1.zip: 39%
2023-05-07T18:18:24.728Z [Modules] Streaming discord_krisp@1 to /home/developercode/.config/discord/0.0.27/modules/pending/discord_krisp-1.zip: 40%
2023-05-07T18:18:24.774Z [Modules] Streaming discord_krisp@1 to /home/developercode/.config/discord/0.0.27/modules/pending/discord_krisp-1.zip: 41%
2023-05-07T18:18:24.818Z [Modules] Streaming discord_krisp@1 to /home/developercode/.config/discord/0.0.27/modules/pending/discord_krisp-1.zip: 42%
2023-05-07T18:18:24.857Z [Modules] Streaming discord_krisp@1 to /home/developercode/.config/discord/0.0.27/modules/pending/discord_krisp-1.zip: 43%
2023-05-07T18:18:24.899Z [Modules] Streaming discord_krisp@1 to /home/developercode/.config/discord/0.0.27/modules/pending/discord_krisp-1.zip: 44%
2023-05-07T18:18:24.936Z [Modules] Streaming discord_krisp@1 to /home/developercode/.config/discord/0.0.27/modules/pending/discord_krisp-1.zip: 45%
2023-05-07T18:18:24.975Z [Modules] Streaming discord_krisp@1 to /home/developercode/.config/discord/0.0.27/modules/pending/discord_krisp-1.zip: 46%
2023-05-07T18:18:25.019Z [Modules] Streaming discord_krisp@1 to /home/developercode/.config/discord/0.0.27/modules/pending/discord_krisp-1.zip: 47%
2023-05-07T18:18:25.058Z [Modules] Streaming discord_krisp@1 to /home/developercode/.config/discord/0.0.27/modules/pending/discord_krisp-1.zip: 48%
2023-05-07T18:18:25.103Z [Modules] Streaming discord_krisp@1 to /home/developercode/.config/discord/0.0.27/modules/pending/discord_krisp-1.zip: 49%
2023-05-07T18:18:25.141Z [Modules] Streaming discord_krisp@1 to /home/developercode/.config/discord/0.0.27/modules/pending/discord_krisp-1.zip: 50%
2023-05-07T18:18:25.181Z [Modules] Streaming discord_krisp@1 to /home/developercode/.config/discord/0.0.27/modules/pending/discord_krisp-1.zip: 51%
2023-05-07T18:18:25.225Z [Modules] Streaming discord_krisp@1 to /home/developercode/.config/discord/0.0.27/modules/pending/discord_krisp-1.zip: 52%
2023-05-07T18:18:25.266Z [Modules] Streaming discord_krisp@1 to /home/developercode/.config/discord/0.0.27/modules/pending/discord_krisp-1.zip: 53%
2023-05-07T18:18:25.312Z [Modules] Streaming discord_krisp@1 to /home/developercode/.config/discord/0.0.27/modules/pending/discord_krisp-1.zip: 54%
2023-05-07T18:18:25.349Z [Modules] Streaming discord_krisp@1 to /home/developercode/.config/discord/0.0.27/modules/pending/discord_krisp-1.zip: 55%
2023-05-07T18:18:25.396Z [Modules] Streaming discord_krisp@1 to /home/developercode/.config/discord/0.0.27/modules/pending/discord_krisp-1.zip: 56%
2023-05-07T18:18:25.433Z [Modules] Streaming discord_krisp@1 to /home/developercode/.config/discord/0.0.27/modules/pending/discord_krisp-1.zip: 57%
2023-05-07T18:18:25.479Z [Modules] Streaming discord_krisp@1 to /home/developercode/.config/discord/0.0.27/modules/pending/discord_krisp-1.zip: 58%
2023-05-07T18:18:25.522Z [Modules] Streaming discord_krisp@1 to /home/developercode/.config/discord/0.0.27/modules/pending/discord_krisp-1.zip: 59%
2023-05-07T18:18:25.563Z [Modules] Streaming discord_krisp@1 to /home/developercode/.config/discord/0.0.27/modules/pending/discord_krisp-1.zip: 60%
2023-05-07T18:18:25.599Z [Modules] Streaming discord_krisp@1 to /home/developercode/.config/discord/0.0.27/modules/pending/discord_krisp-1.zip: 61%
2023-05-07T18:18:25.642Z [Modules] Streaming discord_krisp@1 to /home/developercode/.config/discord/0.0.27/modules/pending/discord_krisp-1.zip: 62%
2023-05-07T18:18:25.686Z [Modules] Streaming discord_krisp@1 to /home/developercode/.config/discord/0.0.27/modules/pending/discord_krisp-1.zip: 63%
2023-05-07T18:18:25.725Z [Modules] Streaming discord_krisp@1 to /home/developercode/.config/discord/0.0.27/modules/pending/discord_krisp-1.zip: 64%
2023-05-07T18:18:25.761Z [Modules] Streaming discord_krisp@1 to /home/developercode/.config/discord/0.0.27/modules/pending/discord_krisp-1.zip: 65%
2023-05-07T18:18:25.803Z [Modules] Streaming discord_krisp@1 to /home/developercode/.config/discord/0.0.27/modules/pending/discord_krisp-1.zip: 66%
2023-05-07T18:18:25.856Z [Modules] Streaming discord_krisp@1 to /home/developercode/.config/discord/0.0.27/modules/pending/discord_krisp-1.zip: 67%
2023-05-07T18:18:25.896Z [Modules] Streaming discord_krisp@1 to /home/developercode/.config/discord/0.0.27/modules/pending/discord_krisp-1.zip: 68%
2023-05-07T18:18:25.939Z [Modules] Streaming discord_krisp@1 to /home/developercode/.config/discord/0.0.27/modules/pending/discord_krisp-1.zip: 69%
2023-05-07T18:18:25.976Z [Modules] Streaming discord_krisp@1 to /home/developercode/.config/discord/0.0.27/modules/pending/discord_krisp-1.zip: 70%
2023-05-07T18:18:26.024Z [Modules] Streaming discord_krisp@1 to /home/developercode/.config/discord/0.0.27/modules/pending/discord_krisp-1.zip: 71%
2023-05-07T18:18:26.061Z [Modules] Streaming discord_krisp@1 to /home/developercode/.config/discord/0.0.27/modules/pending/discord_krisp-1.zip: 72%
2023-05-07T18:18:26.106Z [Modules] Streaming discord_krisp@1 to /home/developercode/.config/discord/0.0.27/modules/pending/discord_krisp-1.zip: 73%
2023-05-07T18:18:26.160Z [Modules] Streaming discord_krisp@1 to /home/developercode/.config/discord/0.0.27/modules/pending/discord_krisp-1.zip: 74%
2023-05-07T18:18:26.210Z [Modules] Streaming discord_krisp@1 to /home/developercode/.config/discord/0.0.27/modules/pending/discord_krisp-1.zip: 75%
2023-05-07T18:18:26.251Z [Modules] Streaming discord_krisp@1 to /home/developercode/.config/discord/0.0.27/modules/pending/discord_krisp-1.zip: 76%
2023-05-07T18:18:26.287Z [Modules] Streaming discord_krisp@1 to /home/developercode/.config/discord/0.0.27/modules/pending/discord_krisp-1.zip: 77%
2023-05-07T18:18:26.333Z [Modules] Streaming discord_krisp@1 to /home/developercode/.config/discord/0.0.27/modules/pending/discord_krisp-1.zip: 78%
2023-05-07T18:18:26.377Z [Modules] Streaming discord_krisp@1 to /home/developercode/.config/discord/0.0.27/modules/pending/discord_krisp-1.zip: 79%
2023-05-07T18:18:26.422Z [Modules] Streaming discord_krisp@1 to /home/developercode/.config/discord/0.0.27/modules/pending/discord_krisp-1.zip: 80%
2023-05-07T18:18:26.462Z [Modules] Streaming discord_krisp@1 to /home/developercode/.config/discord/0.0.27/modules/pending/discord_krisp-1.zip: 81%
2023-05-07T18:18:26.507Z [Modules] Streaming discord_krisp@1 to /home/developercode/.config/discord/0.0.27/modules/pending/discord_krisp-1.zip: 82%
2023-05-07T18:18:26.546Z [Modules] Streaming discord_krisp@1 to /home/developercode/.config/discord/0.0.27/modules/pending/discord_krisp-1.zip: 83%
2023-05-07T18:18:26.594Z [Modules] Streaming discord_krisp@1 to /home/developercode/.config/discord/0.0.27/modules/pending/discord_krisp-1.zip: 84%
2023-05-07T18:18:26.632Z [Modules] Streaming discord_krisp@1 to /home/developercode/.config/discord/0.0.27/modules/pending/discord_krisp-1.zip: 85%
2023-05-07T18:18:26.676Z [Modules] Streaming discord_krisp@1 to /home/developercode/.config/discord/0.0.27/modules/pending/discord_krisp-1.zip: 86%
2023-05-07T18:18:26.717Z [Modules] Streaming discord_krisp@1 to /home/developercode/.config/discord/0.0.27/modules/pending/discord_krisp-1.zip: 87%
2023-05-07T18:18:26.778Z [Modules] Streaming discord_krisp@1 to /home/developercode/.config/discord/0.0.27/modules/pending/discord_krisp-1.zip: 88%
2023-05-07T18:18:26.820Z [Modules] Streaming discord_krisp@1 to /home/developercode/.config/discord/0.0.27/modules/pending/discord_krisp-1.zip: 89%
2023-05-07T18:18:26.865Z [Modules] Streaming discord_krisp@1 to /home/developercode/.config/discord/0.0.27/modules/pending/discord_krisp-1.zip: 90%
2023-05-07T18:18:26.913Z [Modules] Streaming discord_krisp@1 to /home/developercode/.config/discord/0.0.27/modules/pending/discord_krisp-1.zip: 91%
2023-05-07T18:18:26.956Z [Modules] Streaming discord_krisp@1 to /home/developercode/.config/discord/0.0.27/modules/pending/discord_krisp-1.zip: 92%
2023-05-07T18:18:26.996Z [Modules] Streaming discord_krisp@1 to /home/developercode/.config/discord/0.0.27/modules/pending/discord_krisp-1.zip: 93%
2023-05-07T18:18:27.042Z [Modules] Streaming discord_krisp@1 to /home/developercode/.config/discord/0.0.27/modules/pending/discord_krisp-1.zip: 94%
2023-05-07T18:18:27.084Z [Modules] Streaming discord_krisp@1 to /home/developercode/.config/discord/0.0.27/modules/pending/discord_krisp-1.zip: 95%
2023-05-07T18:18:27.129Z [Modules] Streaming discord_krisp@1 to /home/developercode/.config/discord/0.0.27/modules/pending/discord_krisp-1.zip: 96%
2023-05-07T18:18:27.186Z [Modules] Streaming discord_krisp@1 to /home/developercode/.config/discord/0.0.27/modules/pending/discord_krisp-1.zip: 97%
2023-05-07T18:18:27.232Z [Modules] Streaming discord_krisp@1 to /home/developercode/.config/discord/0.0.27/modules/pending/discord_krisp-1.zip: 98%
2023-05-07T18:18:27.274Z [Modules] Streaming discord_krisp@1 to /home/developercode/.config/discord/0.0.27/modules/pending/discord_krisp-1.zip: 99%
2023-05-07T18:18:27.315Z [Modules] Streaming discord_krisp@1 to /home/developercode/.config/discord/0.0.27/modules/pending/discord_krisp-1.zip: 100%
2023-05-07T18:18:27.317Z [Modules] Fetching discord_game_utils@1 from https://discord.com/api/modules/stable/discord_game_utils/1
2023-05-07T18:18:27.317Z [Modules] Streaming discord_game_utils@1 to /home/developercode/.config/discord/0.0.27/modules/pending/discord_game_utils-1.zip
2023-05-07T18:18:27.318Z [Modules] Installing discord_krisp@1 from /home/developercode/.config/discord/0.0.27/modules/pending/discord_krisp-1.zip
2023-05-07T18:18:27.587Z [Modules] Streaming discord_game_utils@1 to /home/developercode/.config/discord/0.0.27/modules/pending/discord_game_utils-1.zip: 1%
2023-05-07T18:18:27.597Z [Modules] Streaming discord_game_utils@1 to /home/developercode/.config/discord/0.0.27/modules/pending/discord_game_utils-1.zip: 3%
2023-05-07T18:18:27.611Z [Modules] Streaming discord_game_utils@1 to /home/developercode/.config/discord/0.0.27/modules/pending/discord_game_utils-1.zip: 5%
2023-05-07T18:18:27.616Z [Modules] Streaming discord_game_utils@1 to /home/developercode/.config/discord/0.0.27/modules/pending/discord_game_utils-1.zip: 6%
2023-05-07T18:18:27.621Z [Modules] Streaming discord_game_utils@1 to /home/developercode/.config/discord/0.0.27/modules/pending/discord_game_utils-1.zip: 7%
2023-05-07T18:18:27.626Z [Modules] Streaming discord_game_utils@1 to /home/developercode/.config/discord/0.0.27/modules/pending/discord_game_utils-1.zip: 9%
2023-05-07T18:18:27.631Z [Modules] Streaming discord_game_utils@1 to /home/developercode/.config/discord/0.0.27/modules/pending/discord_game_utils-1.zip: 10%
2023-05-07T18:18:27.636Z [Modules] Streaming discord_game_utils@1 to /home/developercode/.config/discord/0.0.27/modules/pending/discord_game_utils-1.zip: 11%
2023-05-07T18:18:27.642Z [Modules] Streaming discord_game_utils@1 to /home/developercode/.config/discord/0.0.27/modules/pending/discord_game_utils-1.zip: 13%
2023-05-07T18:18:27.647Z [Modules] Streaming discord_game_utils@1 to /home/developercode/.config/discord/0.0.27/modules/pending/discord_game_utils-1.zip: 14%
2023-05-07T18:18:27.655Z [Modules] Streaming discord_game_utils@1 to /home/developercode/.config/discord/0.0.27/modules/pending/discord_game_utils-1.zip: 15%
2023-05-07T18:18:27.659Z [Modules] Streaming discord_game_utils@1 to /home/developercode/.config/discord/0.0.27/modules/pending/discord_game_utils-1.zip: 16%
2023-05-07T18:18:27.665Z [Modules] Streaming discord_game_utils@1 to /home/developercode/.config/discord/0.0.27/modules/pending/discord_game_utils-1.zip: 17%
2023-05-07T18:18:27.670Z [Modules] Streaming discord_game_utils@1 to /home/developercode/.config/discord/0.0.27/modules/pending/discord_game_utils-1.zip: 19%
2023-05-07T18:18:27.678Z [Modules] Streaming discord_game_utils@1 to /home/developercode/.config/discord/0.0.27/modules/pending/discord_game_utils-1.zip: 21%
2023-05-07T18:18:27.684Z [Modules] Streaming discord_game_utils@1 to /home/developercode/.config/discord/0.0.27/modules/pending/discord_game_utils-1.zip: 22%
2023-05-07T18:18:27.690Z [Modules] Streaming discord_game_utils@1 to /home/developercode/.config/discord/0.0.27/modules/pending/discord_game_utils-1.zip: 23%
2023-05-07T18:18:27.695Z [Modules] Streaming discord_game_utils@1 to /home/developercode/.config/discord/0.0.27/modules/pending/discord_game_utils-1.zip: 25%
2023-05-07T18:18:27.700Z [Modules] Streaming discord_game_utils@1 to /home/developercode/.config/discord/0.0.27/modules/pending/discord_game_utils-1.zip: 26%
2023-05-07T18:18:27.706Z [Modules] Streaming discord_game_utils@1 to /home/developercode/.config/discord/0.0.27/modules/pending/discord_game_utils-1.zip: 27%
2023-05-07T18:18:27.710Z [Modules] Streaming discord_game_utils@1 to /home/developercode/.config/discord/0.0.27/modules/pending/discord_game_utils-1.zip: 29%
2023-05-07T18:18:27.723Z [Modules] Streaming discord_game_utils@1 to /home/developercode/.config/discord/0.0.27/modules/pending/discord_game_utils-1.zip: 30%
2023-05-07T18:18:27.731Z [Modules] Streaming discord_game_utils@1 to /home/developercode/.config/discord/0.0.27/modules/pending/discord_game_utils-1.zip: 32%
2023-05-07T18:18:27.736Z [Modules] Streaming discord_game_utils@1 to /home/developercode/.config/discord/0.0.27/modules/pending/discord_game_utils-1.zip: 33%
2023-05-07T18:18:27.742Z [Modules] Streaming discord_game_utils@1 to /home/developercode/.config/discord/0.0.27/modules/pending/discord_game_utils-1.zip: 35%
2023-05-07T18:18:27.748Z [Modules] Streaming discord_game_utils@1 to /home/developercode/.config/discord/0.0.27/modules/pending/discord_game_utils-1.zip: 36%
2023-05-07T18:18:27.752Z [Modules] Streaming discord_game_utils@1 to /home/developercode/.config/discord/0.0.27/modules/pending/discord_game_utils-1.zip: 37%
2023-05-07T18:18:27.760Z [Modules] Streaming discord_game_utils@1 to /home/developercode/.config/discord/0.0.27/modules/pending/discord_game_utils-1.zip: 38%
2023-05-07T18:18:27.765Z [Modules] Streaming discord_game_utils@1 to /home/developercode/.config/discord/0.0.27/modules/pending/discord_game_utils-1.zip: 39%
2023-05-07T18:18:27.770Z [Modules] Streaming discord_game_utils@1 to /home/developercode/.config/discord/0.0.27/modules/pending/discord_game_utils-1.zip: 41%
2023-05-07T18:18:27.775Z [Modules] Streaming discord_game_utils@1 to /home/developercode/.config/discord/0.0.27/modules/pending/discord_game_utils-1.zip: 42%
2023-05-07T18:18:27.781Z [Modules] Streaming discord_game_utils@1 to /home/developercode/.config/discord/0.0.27/modules/pending/discord_game_utils-1.zip: 43%
2023-05-07T18:18:27.785Z [Modules] Streaming discord_game_utils@1 to /home/developercode/.config/discord/0.0.27/modules/pending/discord_game_utils-1.zip: 44%
2023-05-07T18:18:27.791Z [Modules] Streaming discord_game_utils@1 to /home/developercode/.config/discord/0.0.27/modules/pending/discord_game_utils-1.zip: 45%
2023-05-07T18:18:27.797Z [Modules] Streaming discord_game_utils@1 to /home/developercode/.config/discord/0.0.27/modules/pending/discord_game_utils-1.zip: 46%
2023-05-07T18:18:27.802Z [Modules] Finished module installations. [success: 1] [failure: 0]
2023-05-07T18:18:27.802Z [Modules] Streaming discord_game_utils@1 to /home/developercode/.config/discord/0.0.27/modules/pending/discord_game_utils-1.zip: 48%
2023-05-07T18:18:27.808Z [Modules] Streaming discord_game_utils@1 to /home/developercode/.config/discord/0.0.27/modules/pending/discord_game_utils-1.zip: 49%
2023-05-07T18:18:27.816Z [Modules] Streaming discord_game_utils@1 to /home/developercode/.config/discord/0.0.27/modules/pending/discord_game_utils-1.zip: 50%
2023-05-07T18:18:27.826Z [Modules] Streaming discord_game_utils@1 to /home/developercode/.config/discord/0.0.27/modules/pending/discord_game_utils-1.zip: 52%
2023-05-07T18:18:27.832Z [Modules] Streaming discord_game_utils@1 to /home/developercode/.config/discord/0.0.27/modules/pending/discord_game_utils-1.zip: 54%
2023-05-07T18:18:27.837Z [Modules] Streaming discord_game_utils@1 to /home/developercode/.config/discord/0.0.27/modules/pending/discord_game_utils-1.zip: 55%
2023-05-07T18:18:27.842Z [Modules] Streaming discord_game_utils@1 to /home/developercode/.config/discord/0.0.27/modules/pending/discord_game_utils-1.zip: 56%
2023-05-07T18:18:27.851Z [Modules] Streaming discord_game_utils@1 to /home/developercode/.config/discord/0.0.27/modules/pending/discord_game_utils-1.zip: 59%
2023-05-07T18:18:27.860Z [Modules] Streaming discord_game_utils@1 to /home/developercode/.config/discord/0.0.27/modules/pending/discord_game_utils-1.zip: 60%
2023-05-07T18:18:27.865Z [Modules] Streaming discord_game_utils@1 to /home/developercode/.config/discord/0.0.27/modules/pending/discord_game_utils-1.zip: 61%
2023-05-07T18:18:27.870Z [Modules] Streaming discord_game_utils@1 to /home/developercode/.config/discord/0.0.27/modules/pending/discord_game_utils-1.zip: 62%
2023-05-07T18:18:27.875Z [Modules] Streaming discord_game_utils@1 to /home/developercode/.config/discord/0.0.27/modules/pending/discord_game_utils-1.zip: 64%
2023-05-07T18:18:27.886Z [Modules] Streaming discord_game_utils@1 to /home/developercode/.config/discord/0.0.27/modules/pending/discord_game_utils-1.zip: 66%
2023-05-07T18:18:27.890Z [Modules] Streaming discord_game_utils@1 to /home/developercode/.config/discord/0.0.27/modules/pending/discord_game_utils-1.zip: 67%
2023-05-07T18:18:27.896Z [Modules] Streaming discord_game_utils@1 to /home/developercode/.config/discord/0.0.27/modules/pending/discord_game_utils-1.zip: 68%
2023-05-07T18:18:27.901Z [Modules] Streaming discord_game_utils@1 to /home/developercode/.config/discord/0.0.27/modules/pending/discord_game_utils-1.zip: 70%
2023-05-07T18:18:27.906Z [Modules] Streaming discord_game_utils@1 to /home/developercode/.config/discord/0.0.27/modules/pending/discord_game_utils-1.zip: 71%
2023-05-07T18:18:27.910Z [Modules] Streaming discord_game_utils@1 to /home/developercode/.config/discord/0.0.27/modules/pending/discord_game_utils-1.zip: 72%
2023-05-07T18:18:27.918Z [Modules] Streaming discord_game_utils@1 to /home/developercode/.config/discord/0.0.27/modules/pending/discord_game_utils-1.zip: 74%
2023-05-07T18:18:27.924Z [Modules] Streaming discord_game_utils@1 to /home/developercode/.config/discord/0.0.27/modules/pending/discord_game_utils-1.zip: 75%
2023-05-07T18:18:27.928Z [Modules] Streaming discord_game_utils@1 to /home/developercode/.config/discord/0.0.27/modules/pending/discord_game_utils-1.zip: 76%
2023-05-07T18:18:27.933Z [Modules] Streaming discord_game_utils@1 to /home/developercode/.config/discord/0.0.27/modules/pending/discord_game_utils-1.zip: 77%
2023-05-07T18:18:27.941Z [Modules] Streaming discord_game_utils@1 to /home/developercode/.config/discord/0.0.27/modules/pending/discord_game_utils-1.zip: 78%
2023-05-07T18:18:27.946Z [Modules] Streaming discord_game_utils@1 to /home/developercode/.config/discord/0.0.27/modules/pending/discord_game_utils-1.zip: 80%
2023-05-07T18:18:27.951Z [Modules] Streaming discord_game_utils@1 to /home/developercode/.config/discord/0.0.27/modules/pending/discord_game_utils-1.zip: 81%
2023-05-07T18:18:27.957Z [Modules] Streaming discord_game_utils@1 to /home/developercode/.config/discord/0.0.27/modules/pending/discord_game_utils-1.zip: 82%
2023-05-07T18:18:27.964Z [Modules] Streaming discord_game_utils@1 to /home/developercode/.config/discord/0.0.27/modules/pending/discord_game_utils-1.zip: 84%
2023-05-07T18:18:27.973Z [Modules] Streaming discord_game_utils@1 to /home/developercode/.config/discord/0.0.27/modules/pending/discord_game_utils-1.zip: 85%
2023-05-07T18:18:27.980Z [Modules] Streaming discord_game_utils@1 to /home/developercode/.config/discord/0.0.27/modules/pending/discord_game_utils-1.zip: 87%
2023-05-07T18:18:27.984Z [Modules] Streaming discord_game_utils@1 to /home/developercode/.config/discord/0.0.27/modules/pending/discord_game_utils-1.zip: 88%
2023-05-07T18:18:27.990Z [Modules] Streaming discord_game_utils@1 to /home/developercode/.config/discord/0.0.27/modules/pending/discord_game_utils-1.zip: 90%
2023-05-07T18:18:27.995Z [Modules] Streaming discord_game_utils@1 to /home/developercode/.config/discord/0.0.27/modules/pending/discord_game_utils-1.zip: 91%
2023-05-07T18:18:28.002Z [Modules] Streaming discord_game_utils@1 to /home/developercode/.config/discord/0.0.27/modules/pending/discord_game_utils-1.zip: 92%
2023-05-07T18:18:28.007Z [Modules] Streaming discord_game_utils@1 to /home/developercode/.config/discord/0.0.27/modules/pending/discord_game_utils-1.zip: 93%
2023-05-07T18:18:28.012Z [Modules] Streaming discord_game_utils@1 to /home/developercode/.config/discord/0.0.27/modules/pending/discord_game_utils-1.zip: 94%
2023-05-07T18:18:28.020Z [Modules] Streaming discord_game_utils@1 to /home/developercode/.config/discord/0.0.27/modules/pending/discord_game_utils-1.zip: 95%
2023-05-07T18:18:28.026Z [Modules] Streaming discord_game_utils@1 to /home/developercode/.config/discord/0.0.27/modules/pending/discord_game_utils-1.zip: 97%
2023-05-07T18:18:28.030Z [Modules] Streaming discord_game_utils@1 to /home/developercode/.config/discord/0.0.27/modules/pending/discord_game_utils-1.zip: 98%
2023-05-07T18:18:28.037Z [Modules] Streaming discord_game_utils@1 to /home/developercode/.config/discord/0.0.27/modules/pending/discord_game_utils-1.zip: 100%
2023-05-07T18:18:28.038Z [Modules] Fetching discord_rpc@1 from https://discord.com/api/modules/stable/discord_rpc/1
2023-05-07T18:18:28.039Z [Modules] Streaming discord_rpc@1 to /home/developercode/.config/discord/0.0.27/modules/pending/discord_rpc-1.zip
2023-05-07T18:18:28.039Z [Modules] Installing discord_game_utils@1 from /home/developercode/.config/discord/0.0.27/modules/pending/discord_game_utils-1.zip
2023-05-07T18:18:28.115Z [Modules] Finished module installations. [success: 1] [failure: 0]
2023-05-07T18:18:28.401Z [Modules] Streaming discord_rpc@1 to /home/developercode/.config/discord/0.0.27/modules/pending/discord_rpc-1.zip: 100%
2023-05-07T18:18:28.402Z [Modules] Finished module downloads. [success: 3] [failure: 0]
2023-05-07T18:18:28.402Z [Modules] Installing discord_rpc@1 from /home/developercode/.config/discord/0.0.27/modules/pending/discord_rpc-1.zip
2023-05-07T18:18:28.424Z [Modules] Finished module installations. [success: 1] [failure: 0]
2023-05-07T19:18:23.834Z [Modules] Checking for host updates.
2023-05-07T19:18:24.072Z [Modules] Host is up to date.
2023-05-07T19:18:24.072Z [Modules] Checking for module updates at https://discord.com/api/modules/stable/versions.json
2023-05-07T19:18:24.382Z [Modules] No module updates available.
2023-05-07T20:22:35.702Z [Modules] Checking for host updates.
2023-05-07T20:22:36.035Z [Modules] Host is up to date.
2023-05-07T20:22:36.035Z [Modules] Checking for module updates at https://discord.com/api/modules/stable/versions.json
2023-05-07T20:22:36.341Z [Modules] No module updates available.
2023-06-29T18:08:22.770Z [Modules] Modules initializing
2023-06-29T18:08:22.774Z [Modules] Distribution: remote
2023-06-29T18:08:22.774Z [Modules] Host updates: enabled
2023-06-29T18:08:22.774Z [Modules] Module updates: enabled
2023-06-29T18:08:22.774Z [Modules] Module install path: /home/developercode/.config/discord/0.0.27/modules
2023-06-29T18:08:22.774Z [Modules] Module installed file path: /home/developercode/.config/discord/0.0.27/modules/installed.json
2023-06-29T18:08:22.775Z [Modules] Module download path: /home/developercode/.config/discord/0.0.27/modules/pending
2023-06-29T18:08:23.210Z [Modules] No updates to install
2023-06-29T18:08:23.211Z [Modules] Checking for host updates.
2023-06-29T18:08:23.613Z [Modules] Host is up to date.
2023-06-29T18:08:23.614Z [Modules] Checking for module updates at https://discord.com/api/modules/stable/versions.json
2023-06-29T18:08:23.892Z [Modules] No module updates available.
2023-06-29T18:08:28.801Z [Modules] Checking for host updates.
2023-06-29T18:08:29.040Z [Modules] Host is up to date.
2023-06-29T18:08:29.040Z [Modules] Checking for module updates at https://discord.com/api/modules/stable/versions.json
2023-06-29T18:08:29.043Z [Modules] No module updates available.
2023-06-29T19:08:28.804Z [Modules] Checking for host updates.
2023-06-29T19:08:29.139Z [Modules] Host is up to date.
2023-06-29T19:08:29.139Z [Modules] Checking for module updates at https://discord.com/api/modules/stable/versions.json
2023-06-29T19:08:29.443Z [Modules] No module updates available.
2023-06-29T22:52:23.013Z [Modules] Checking for host updates.
2023-06-29T22:52:23.302Z [Modules] Host is up to date.
2023-06-29T22:52:23.303Z [Modules] Checking for module updates at https://discord.com/api/modules/stable/versions.json
2023-06-29T22:52:23.608Z [Modules] No module updates available.
2023-06-29T23:52:30.495Z [Modules] Checking for host updates.
2023-06-29T23:52:30.778Z [Modules] Host is up to date.
2023-06-29T23:52:30.779Z [Modules] Checking for module updates at https://discord.com/api/modules/stable/versions.json
2023-06-29T23:52:31.089Z [Modules] No module updates available.
