2023-07-29 16:18:19.151 [info] Log level: Info
2023-07-29 16:18:19.151 [info] Validating found git in: "git"
2023-07-29 16:18:19.151 [info] Using git "2.41.0" from "git"
2023-07-29 16:18:19.151 [info] > git rev-parse --show-toplevel [17ms]
2023-07-29 16:18:19.151 [info] > git rev-parse --git-dir --git-common-dir [50ms]
2023-07-29 16:18:19.151 [info] Open repository: /home/developercode/Document/project/developercode
2023-07-29 16:18:19.151 [info] > git rev-parse --show-toplevel [29ms]
2023-07-29 16:18:19.151 [info] > git rev-parse --show-toplevel [10ms]
2023-07-29 16:18:19.151 [info] > git config --get commit.template [25ms]
2023-07-29 16:18:19.151 [info] > git rev-parse --show-toplevel [4ms]
2023-07-29 16:18:19.151 [info] > git for-each-ref --format=%(refname)%00%(upstream:short)%00%(objectname)%00%(upstream:track)%00%(upstream:remotename)%00%(upstream:remoteref) refs/heads/main refs/remotes/main [3ms]
2023-07-29 16:18:19.151 [info] > git rev-parse --show-toplevel [18ms]
2023-07-29 16:18:19.151 [info] > git status -z -uall [8ms]
2023-07-29 16:18:19.151 [info] > git check-ignore -v -z --stdin [6ms]
2023-07-29 16:18:19.151 [info] > git config --get commit.template [983ms]
2023-07-29 16:18:19.151 [info] > git fetch [1097ms]
2023-07-29 16:18:19.166 [info] > git check-ignore -v -z --stdin [80ms]
2023-07-29 16:18:19.168 [info] > git config --get commit.template [68ms]
2023-07-29 16:18:19.232 [info] > git show --textconv :src/components/section/about.astro [23ms]
2023-07-29 16:18:19.232 [info] > git ls-files --stage -- /home/developercode/Document/project/developercode/src/components/section/about.astro [10ms]
2023-07-29 16:18:19.250 [info] > git for-each-ref --format=%(refname)%00%(upstream:short)%00%(objectname)%00%(upstream:track)%00%(upstream:remotename)%00%(upstream:remoteref) refs/heads/main refs/remotes/main [100ms]
2023-07-29 16:18:19.328 [info] > git cat-file -s 9c8e7f804ed69be2ab8b0395e1bf9eed83c762e9 [81ms]
2023-07-29 16:18:19.371 [info] > git for-each-ref --format=%(refname)%00%(upstream:short)%00%(objectname)%00%(upstream:track)%00%(upstream:remotename)%00%(upstream:remoteref) refs/heads/main refs/remotes/main [45ms]
2023-07-29 16:18:19.455 [info] > git status -z -uall [70ms]
2023-07-29 16:18:21.782 [info] > git check-ignore -v -z --stdin [1ms]
2023-07-29 16:18:35.392 [info] > git show --textconv :src/components/Icons.jsx [277ms]
2023-07-29 16:18:35.394 [info] > git ls-files --stage -- /home/developercode/Document/project/developercode/src/components/Icons.jsx [261ms]
2023-07-29 16:18:35.446 [info] > git cat-file -s 39bdfe5222d98ca4bf375650a1779ff3ddea73e5 [31ms]
2023-07-29 16:18:35.488 [info] > git show --textconv :src/components/section/project.astro [23ms]
2023-07-29 16:18:35.499 [info] > git ls-files --stage -- /home/developercode/Document/project/developercode/src/components/section/project.astro [12ms]
2023-07-29 16:18:35.522 [info] > git cat-file -s f8f8f3e7088219615a61b9d47d2a3ba59b7438a6 [5ms]
2023-07-29 16:18:38.888 [info] > git check-ignore -v -z --stdin [2ms]
2023-07-29 16:18:40.183 [info] > git check-ignore -v -z --stdin [1ms]
2023-07-29 16:18:52.739 [info] > git show --textconv :package.json [17ms]
2023-07-29 16:18:52.742 [info] > git ls-files --stage -- /home/developercode/Document/project/developercode/package.json [5ms]
2023-07-29 16:18:52.777 [info] > git cat-file -s fa1a3706acf45bb5af8acad2531a5ad002d41528 [17ms]
2023-07-29 16:19:01.089 [info] > git config --get commit.template [1ms]
2023-07-29 16:19:01.103 [info] > git for-each-ref --format=%(refname)%00%(upstream:short)%00%(objectname)%00%(upstream:track)%00%(upstream:remotename)%00%(upstream:remoteref) refs/heads/main refs/remotes/main [1ms]
2023-07-29 16:19:01.116 [info] > git status -z -uall [2ms]
2023-07-29 16:21:47.481 [info] > git fetch [543ms]
2023-07-29 16:21:47.501 [info] > git config --get commit.template [3ms]
2023-07-29 16:21:47.517 [info] > git for-each-ref --format=%(refname)%00%(upstream:short)%00%(objectname)%00%(upstream:track)%00%(upstream:remotename)%00%(upstream:remoteref) refs/heads/main refs/remotes/main [2ms]
2023-07-29 16:21:47.529 [info] > git status -z -uall [2ms]
2023-07-29 16:21:48.573 [info] > git config --get commit.template [0ms]
2023-07-29 16:21:48.588 [info] > git for-each-ref --format=%(refname)%00%(upstream:short)%00%(objectname)%00%(upstream:track)%00%(upstream:remotename)%00%(upstream:remoteref) refs/heads/main refs/remotes/main [3ms]
2023-07-29 16:21:48.603 [info] > git status -z -uall [3ms]
2023-07-29 16:21:48.677 [info] > git ls-files --stage -- /home/developercode/Document/project/developercode/package.json [2ms]
2023-07-29 16:21:48.694 [info] > git cat-file -s fa1a3706acf45bb5af8acad2531a5ad002d41528 [2ms]
2023-07-29 16:21:48.718 [info] > git show --textconv :package.json [5ms]
2023-07-29 16:23:34.351 [info] > git show --textconv :src/components/Navigation.astro [22ms]
2023-07-29 16:23:34.355 [info] > git ls-files --stage -- /home/developercode/Document/project/developercode/src/components/Navigation.astro [4ms]
2023-07-29 16:23:34.378 [info] > git cat-file -s 121b088eef7d9ea9e74a440c8238780d9bcb41c0 [5ms]
2023-07-29 16:24:48.087 [info] > git fetch [538ms]
2023-07-29 16:24:48.116 [info] > git config --get commit.template [14ms]
2023-07-29 16:24:48.116 [info] > git for-each-ref --format=%(refname)%00%(upstream:short)%00%(objectname)%00%(upstream:track)%00%(upstream:remotename)%00%(upstream:remoteref) refs/heads/main refs/remotes/main [1ms]
2023-07-29 16:24:48.130 [info] > git status -z -uall [2ms]
2023-07-29 16:24:53.261 [info] > git config --get commit.template [4ms]
2023-07-29 16:24:53.285 [info] > git ls-files --stage -- /home/developercode/Document/project/developercode/src/components/Navigation.astro [4ms]
2023-07-29 16:24:53.321 [info] > git cat-file -s 121b088eef7d9ea9e74a440c8238780d9bcb41c0 [23ms]
2023-07-29 16:24:53.326 [info] > git for-each-ref --format=%(refname)%00%(upstream:short)%00%(objectname)%00%(upstream:track)%00%(upstream:remotename)%00%(upstream:remoteref) refs/heads/main refs/remotes/main [6ms]
2023-07-29 16:24:53.342 [info] > git status -z -uall [3ms]
2023-07-29 16:24:53.360 [info] > git show --textconv :src/components/Navigation.astro [2ms]
