2023-07-29 16:25:56.997 [info] Log level: Info
2023-07-29 16:25:56.997 [info] Validating found git in: "git"
2023-07-29 16:25:56.997 [info] Using git "2.41.0" from "git"
2023-07-29 16:25:56.997 [info] > git rev-parse --show-toplevel [12ms]
2023-07-29 16:25:56.997 [info] > git rev-parse --git-dir --git-common-dir [4ms]
2023-07-29 16:25:56.997 [info] Open repository: /home/developercode/Document/project/developercode
2023-07-29 16:25:56.997 [info] > git config --get commit.template [4ms]
2023-07-29 16:25:56.997 [info] > git rev-parse --show-toplevel [13ms]
2023-07-29 16:25:56.997 [info] > git rev-parse --show-toplevel [4ms]
2023-07-29 16:25:57.006 [info] > git rev-parse --show-toplevel [12ms]
2023-07-29 16:25:57.018 [info] > git rev-parse --show-toplevel [5ms]
2023-07-29 16:25:57.023 [info] > git for-each-ref --format=%(refname)%00%(upstream:short)%00%(objectname)%00%(upstream:track)%00%(upstream:remotename)%00%(upstream:remoteref) refs/heads/main refs/remotes/main [19ms]
2023-07-29 16:25:57.117 [info] > git status -z -uall [86ms]
2023-07-29 16:25:57.202 [info] > git config --get commit.template [6ms]
2023-07-29 16:25:57.215 [info] > git for-each-ref --format=%(refname)%00%(upstream:short)%00%(objectname)%00%(upstream:track)%00%(upstream:remotename)%00%(upstream:remoteref) refs/heads/main refs/remotes/main [2ms]
2023-07-29 16:25:57.257 [info] > git status -z -uall [32ms]
2023-07-29 16:25:58.501 [info] > git check-ignore -v -z --stdin [5ms]
2023-07-29 16:25:58.503 [info] > git fetch [1550ms]
2023-07-29 16:26:00.120 [info] > git show --textconv :src/components/Navigation.astro [84ms]
2023-07-29 16:26:00.124 [info] > git ls-files --stage -- /home/developercode/Document/project/developercode/src/components/Navigation.astro [56ms]
2023-07-29 16:26:00.141 [info] > git config --get commit.template [124ms]
2023-07-29 16:26:00.168 [info] > git cat-file -s 121b088eef7d9ea9e74a440c8238780d9bcb41c0 [31ms]
2023-07-29 16:26:00.655 [info] > git for-each-ref --format=%(refname)%00%(upstream:short)%00%(objectname)%00%(upstream:track)%00%(upstream:remotename)%00%(upstream:remoteref) refs/heads/main refs/remotes/main [209ms]
2023-07-29 16:26:00.752 [info] > git status -z -uall [84ms]
2023-07-29 16:26:23.389 [info] Log level: Info
2023-07-29 16:26:23.389 [info] Validating found git in: "git"
2023-07-29 16:26:23.389 [info] Using git "2.41.0" from "git"
2023-07-29 16:26:23.389 [info] > git rev-parse --show-toplevel [6ms]
2023-07-29 16:26:23.389 [info] > git rev-parse --git-dir --git-common-dir [7ms]
2023-07-29 16:26:23.389 [info] Open repository: /home/developercode/Document/project/developercode
2023-07-29 16:26:23.421 [info] > git config --get commit.template [23ms]
2023-07-29 16:26:23.422 [info] > git rev-parse --show-toplevel [36ms]
2023-07-29 16:26:23.457 [info] > git rev-parse --show-toplevel [23ms]
2023-07-29 16:26:23.467 [info] > git for-each-ref --format=%(refname)%00%(upstream:short)%00%(objectname)%00%(upstream:track)%00%(upstream:remotename)%00%(upstream:remoteref) refs/heads/main refs/remotes/main [13ms]
2023-07-29 16:26:23.485 [info] > git status -z -uall [9ms]
2023-07-29 16:26:23.499 [info] > git rev-parse --show-toplevel [35ms]
2023-07-29 16:26:24.061 [info] > git check-ignore -v -z --stdin [16ms]
2023-07-29 16:26:24.068 [info] > git config --get commit.template [552ms]
2023-07-29 16:26:24.068 [info] > git fetch [694ms]
2023-07-29 16:26:24.070 [info] > git rev-parse --show-toplevel [562ms]
2023-07-29 16:26:25.475 [info] > git config --get commit.template [55ms]
2023-07-29 16:26:25.476 [info] > git for-each-ref --format=%(refname)%00%(upstream:short)%00%(objectname)%00%(upstream:track)%00%(upstream:remotename)%00%(upstream:remoteref) refs/heads/main refs/remotes/main [8ms]
2023-07-29 16:26:25.497 [info] > git for-each-ref --format=%(refname)%00%(upstream:short)%00%(objectname)%00%(upstream:track)%00%(upstream:remotename)%00%(upstream:remoteref) refs/heads/main refs/remotes/main [2ms]
2023-07-29 16:26:25.514 [info] > git status -z -uall [3ms]
2023-07-29 16:26:25.578 [info] > git show --textconv :src/components/Navigation.astro [35ms]
2023-07-29 16:26:25.579 [info] > git ls-files --stage -- /home/developercode/Document/project/developercode/src/components/Navigation.astro [23ms]
2023-07-29 16:26:25.599 [info] > git cat-file -s 121b088eef7d9ea9e74a440c8238780d9bcb41c0 [5ms]
2023-07-29 16:26:26.787 [info] > git ls-files --stage -- /home/developercode/Document/project/developercode/src/components/Navigation.astro [23ms]
2023-07-29 16:26:26.852 [info] > git cat-file -s 121b088eef7d9ea9e74a440c8238780d9bcb41c0 [54ms]
2023-07-29 16:26:27.180 [info] > git show --textconv :src/components/Navigation.astro [13ms]
2023-07-29 16:29:26.097 [info] > git fetch [563ms]
2023-07-29 16:29:26.123 [info] > git config --get commit.template [14ms]
2023-07-29 16:29:26.124 [info] > git for-each-ref --format=%(refname)%00%(upstream:short)%00%(objectname)%00%(upstream:track)%00%(upstream:remotename)%00%(upstream:remoteref) refs/heads/main refs/remotes/main [2ms]
2023-07-29 16:29:26.137 [info] > git status -z -uall [2ms]
2023-07-29 16:29:27.191 [info] > git config --get commit.template [9ms]
2023-07-29 16:29:27.191 [info] > git for-each-ref --format=%(refname)%00%(upstream:short)%00%(objectname)%00%(upstream:track)%00%(upstream:remotename)%00%(upstream:remoteref) refs/heads/main refs/remotes/main [1ms]
2023-07-29 16:29:27.201 [info] > git status -z -uall [2ms]
2023-07-29 16:29:27.287 [info] > git ls-files --stage -- /home/developercode/Document/project/developercode/src/components/Navigation.astro [1ms]
2023-07-29 16:29:27.299 [info] > git cat-file -s 121b088eef7d9ea9e74a440c8238780d9bcb41c0 [3ms]
2023-07-29 16:29:27.315 [info] > git show --textconv :src/components/Navigation.astro [3ms]
2023-07-29 16:32:26.646 [info] > git fetch [491ms]
2023-07-29 16:32:26.671 [info] > git config --get commit.template [15ms]
2023-07-29 16:32:26.671 [info] > git for-each-ref --format=%(refname)%00%(upstream:short)%00%(objectname)%00%(upstream:track)%00%(upstream:remotename)%00%(upstream:remoteref) refs/heads/main refs/remotes/main [1ms]
2023-07-29 16:32:26.682 [info] > git status -z -uall [1ms]
2023-07-29 16:32:27.795 [info] > git config --get commit.template [11ms]
2023-07-29 16:32:27.796 [info] > git for-each-ref --format=%(refname)%00%(upstream:short)%00%(objectname)%00%(upstream:track)%00%(upstream:remotename)%00%(upstream:remoteref) refs/heads/main refs/remotes/main [2ms]
2023-07-29 16:32:27.808 [info] > git status -z -uall [2ms]
2023-07-29 16:32:27.885 [info] > git ls-files --stage -- /home/developercode/Document/project/developercode/src/components/Navigation.astro [2ms]
2023-07-29 16:32:27.900 [info] > git cat-file -s 121b088eef7d9ea9e74a440c8238780d9bcb41c0 [2ms]
2023-07-29 16:32:27.918 [info] > git show --textconv :src/components/Navigation.astro [5ms]
2023-07-29 16:35:27.221 [info] > git fetch [525ms]
2023-07-29 16:35:27.235 [info] > git config --get commit.template [1ms]
2023-07-29 16:35:27.249 [info] > git for-each-ref --format=%(refname)%00%(upstream:short)%00%(objectname)%00%(upstream:track)%00%(upstream:remotename)%00%(upstream:remoteref) refs/heads/main refs/remotes/main [2ms]
2023-07-29 16:35:27.262 [info] > git status -z -uall [2ms]
2023-07-29 16:35:28.308 [info] > git config --get commit.template [2ms]
2023-07-29 16:35:28.321 [info] > git for-each-ref --format=%(refname)%00%(upstream:short)%00%(objectname)%00%(upstream:track)%00%(upstream:remotename)%00%(upstream:remoteref) refs/heads/main refs/remotes/main [1ms]
2023-07-29 16:35:28.333 [info] > git status -z -uall [2ms]
2023-07-29 16:35:28.410 [info] > git ls-files --stage -- /home/developercode/Document/project/developercode/src/components/Navigation.astro [2ms]
2023-07-29 16:35:28.425 [info] > git cat-file -s 121b088eef7d9ea9e74a440c8238780d9bcb41c0 [2ms]
2023-07-29 16:35:28.443 [info] > git show --textconv :src/components/Navigation.astro [4ms]
