2023-07-29 16:25:53.836 [info] Added views:workbench.panel.markers.view in workbench.panel.markers
2023-07-29 16:25:53.836 [info] Added views:workbench.panel.output in workbench.panel.output
2023-07-29 16:25:53.836 [info] Added views:terminal in terminal
2023-07-29 16:25:53.836 [info] Added views:outline in workbench.view.explorer
2023-07-29 16:25:53.836 [info] Added views:workbench.scm in workbench.views.service.sidebar.b8a60d55-d2a7-4bfc-9202-4bbc0a9be7d5
2023-07-29 16:25:53.836 [info] Added views:workbench.view.search in workbench.views.service.sidebar.a2f57234-eacc-4f3a-bd51-b8ac18d84af0
2023-07-29 16:25:53.836 [info] Added views:timeline in workbench.view.explorer
2023-07-29 16:25:53.836 [info] Added views:workbench.explorer.fileView in workbench.view.explorer
2023-07-29 16:25:54.150 [info] Added views:workbench.debug.variablesView,workbench.debug.watchExpressionsView,workbench.debug.callStackView,workbench.debug.breakPointsView in workbench.view.debug
2023-07-29 16:25:55.721 [info] Added views:workbench.panel.repl.view in workbench.panel.repl
2023-07-29 16:25:57.020 [info] Added views:workbench.scm.repositories in workbench.view.explorer
2023-07-29 16:25:58.041 [info] Added views:workbench.views.extensions.installed,extensions.recommendedList in workbench.view.extensions
2023-07-29 16:26:20.112 [info] Removed views:workbench.scm.repositories from workbench.view.explorer
2023-07-29 16:26:20.841 [info] Added views:workbench.panel.markers.view in workbench.panel.markers
2023-07-29 16:26:20.841 [info] Added views:workbench.panel.output in workbench.panel.output
2023-07-29 16:26:20.841 [info] Added views:terminal in terminal
2023-07-29 16:26:20.841 [info] Added views:outline in workbench.view.explorer
2023-07-29 16:26:20.841 [info] Added views:workbench.scm in workbench.views.service.sidebar.b8a60d55-d2a7-4bfc-9202-4bbc0a9be7d5
2023-07-29 16:26:20.841 [info] Added views:workbench.view.search in workbench.views.service.sidebar.a2f57234-eacc-4f3a-bd51-b8ac18d84af0
2023-07-29 16:26:20.841 [info] Added views:timeline in workbench.view.explorer
2023-07-29 16:26:20.841 [info] Added views:workbench.explorer.fileView in workbench.view.explorer
2023-07-29 16:26:21.144 [info] Added views:workbench.debug.variablesView,workbench.debug.watchExpressionsView,workbench.debug.callStackView,workbench.debug.breakPointsView in workbench.view.debug
2023-07-29 16:26:22.288 [info] Added views:workbench.panel.repl.view in workbench.panel.repl
2023-07-29 16:26:23.417 [info] Added views:workbench.scm.repositories in workbench.view.explorer
2023-07-29 16:26:24.108 [info] Added views:workbench.views.extensions.installed,extensions.recommendedList in workbench.view.extensions
2023-07-29 18:37:51.945 [info] Removed views:workbench.scm.repositories from workbench.view.explorer
