2023-08-19 05:01:49.197 [info] Experiment 'pythonPromptNewFormatterExtcf' is active
2023-08-19 05:01:49.197 [info] Experiment 'pythonPromptNewToolsExt' is active
2023-08-19 05:01:49.197 [info] Test server listening.
2023-08-19 05:01:49.197 [info] > conda info --json
2023-08-19 05:01:49.197 [info] Python interpreter path: /bin/python
2023-08-19 05:01:49.213 [info] Found: /bin/python --> /bin/python3.11
2023-08-19 05:01:49.245 [info] Found: /bin/python3 --> /bin/python3.11
2023-08-19 05:01:49.258 [info] Found: /bin/python3.11 --> /bin/python3.11
2023-08-19 05:01:49.364 [info] Found: /sbin/python --> /sbin/python3.11
2023-08-19 05:01:49.365 [info] Found: /sbin/python3 --> /sbin/python3.11
2023-08-19 05:01:49.389 [info] > /bin/python -I ./.vscode/extensions/ms-python.python-2023.12.0/pythonFiles/get_output_via_markers.py ./.vscode/extensions/ms-python.python-2023.12.0/pythonFiles/interpreterInfo.py
2023-08-19 05:01:49.390 [info] Found: /sbin/python3.11 --> /sbin/python3.11
2023-08-19 05:01:49.455 [info] Found: /usr/bin/python --> /usr/bin/python3.11
2023-08-19 05:01:49.456 [info] Found: /usr/bin/python3 --> /usr/bin/python3.11
2023-08-19 05:01:49.472 [info] Found: /usr/bin/python3.11 --> /usr/bin/python3.11
2023-08-19 05:01:49.557 [info] Found: /usr/sbin/python --> /usr/sbin/python3.11
2023-08-19 05:01:49.557 [info] Found: /usr/sbin/python3 --> /usr/sbin/python3.11
2023-08-19 05:01:49.557 [info] Found: /usr/sbin/python3.11 --> /usr/sbin/python3.11
2023-08-19 05:01:49.600 [info] > /sbin/python -I ./.vscode/extensions/ms-python.python-2023.12.0/pythonFiles/get_output_via_markers.py ./.vscode/extensions/ms-python.python-2023.12.0/pythonFiles/interpreterInfo.py
2023-08-19 05:01:49.638 [info] > /usr/bin/python -I ./.vscode/extensions/ms-python.python-2023.12.0/pythonFiles/get_output_via_markers.py ./.vscode/extensions/ms-python.python-2023.12.0/pythonFiles/interpreterInfo.py
2023-08-19 05:01:49.694 [info] > /usr/sbin/python -I ./.vscode/extensions/ms-python.python-2023.12.0/pythonFiles/get_output_via_markers.py ./.vscode/extensions/ms-python.python-2023.12.0/pythonFiles/interpreterInfo.py
2023-08-19 05:01:49.913 [info] Found: /bin/python --> /bin/python3.11
2023-08-19 05:01:49.914 [info] Found: /bin/python3 --> /bin/python3.11
2023-08-19 05:01:49.921 [info] Found: /bin/python3.11 --> /bin/python3.11
2023-08-19 05:01:49.974 [info] Found: /sbin/python --> /sbin/python3.11
2023-08-19 05:01:49.974 [info] Found: /sbin/python3 --> /sbin/python3.11
2023-08-19 05:01:49.975 [info] Found: /sbin/python3.11 --> /sbin/python3.11
2023-08-19 05:01:49.985 [info] Found: /usr/bin/python --> /usr/bin/python3.11
2023-08-19 05:01:49.985 [info] Found: /usr/bin/python3 --> /usr/bin/python3.11
2023-08-19 05:01:49.985 [info] Found: /usr/bin/python3.11 --> /usr/bin/python3.11
2023-08-19 05:01:50.027 [info] Found: /usr/sbin/python --> /usr/sbin/python3.11
2023-08-19 05:01:50.027 [info] Found: /usr/sbin/python3 --> /usr/sbin/python3.11
2023-08-19 05:01:50.027 [info] Found: /usr/sbin/python3.11 --> /usr/sbin/python3.11
2023-08-19 05:01:51.249 [info] Starting Pylance language server.
