[2023-04-17 14:04:52.595] [info]  [db] Initialized DB client
[2023-04-17 14:04:52.690] [warn]  The vm module of Node.js is deprecated in the renderer process and will be removed.
[2023-04-17 14:04:52.692] [warn]  The vm module of Node.js is deprecated in the renderer process and will be removed.
[2023-04-17 14:04:52.935] [warn]  The vm module of Node.js is deprecated in the renderer process and will be removed.
[2023-04-17 14:04:53.035] [info]  {}
[2023-04-17 14:04:53.126] [info]  [FileSystemDriver] Initialized in "/home/developercode/.config/Insomnia/version-control"
[2023-04-17 14:04:53.126] [info]  [sync] checking for collections which need to be moved into a remote project
[2023-04-17 14:04:53.130] [info]  [FileSystemDriver] Initialized in "/home/developercode/.config/Insomnia/version-control"
[2023-04-17 14:04:53.199] [warn]  An aria-label or aria-labelledby prop is required for accessibility.
[2023-04-17 14:04:53.205] [warn]  An aria-label or aria-labelledby prop is required for accessibility.
[2023-04-17 14:04:53.246] [info]  {
  workspaceData: {
    activeWorkspace: {
      _id: 'wrk_e89b43f381154e14b5a0a081f98e7fde',
      type: 'Workspace',
      parentId: 'proj_default-project',
      modified: 1681740293014,
      created: 1681740293014,
      name: 'New Document',
      description: '',
      scope: 'design'
    },
    activeProject: {
      _id: 'proj_default-project',
      type: 'Project',
      parentId: null,
      modified: 1681740292653,
      created: 1681740292653,
      name: 'Insomnia',
      remoteId: null
    },
    gitRepository: null,
    activeWorkspaceMeta: {
      _id: 'wrkm_7e5b7aec95e14e4cb891139a526f1c89',
      type: 'WorkspaceMeta',
      parentId: 'wrk_e89b43f381154e14b5a0a081f98e7fde',
      modified: 1681740293023,
      created: 1681740293020,
      activeActivity: 'debug',
      activeEnvironmentId: null,
      activeRequestId: 'req_13b354a6fed04633969132b084aa22cc',
      activeUnitTestSuiteId: 'uts_2386719fa68749d68333c52f9dea86f0',
      cachedGitLastAuthor: null,
      cachedGitLastCommitTime: null,
      cachedGitRepositoryBranch: null,
      gitRepositoryId: null,
      hasSeen: true,
      paneHeight: 0.5,
      paneWidth: 0.5,
      sidebarFilter: '',
      sidebarHidden: false,
      sidebarWidth: 19,
      pushSnapshotOnInitialize: false
    }
  }
}
[2023-04-17 14:04:53.801] [info]  {
  workspaceData: {
    activeWorkspace: {
      _id: 'wrk_e89b43f381154e14b5a0a081f98e7fde',
      type: 'Workspace',
      parentId: 'proj_default-project',
      modified: 1681740293014,
      created: 1681740293014,
      name: 'New Document',
      description: '',
      scope: 'design'
    },
    activeProject: {
      _id: 'proj_default-project',
      type: 'Project',
      parentId: null,
      modified: 1681740292653,
      created: 1681740292653,
      name: 'Insomnia',
      remoteId: null
    },
    gitRepository: null,
    activeWorkspaceMeta: {
      _id: 'wrkm_7e5b7aec95e14e4cb891139a526f1c89',
      type: 'WorkspaceMeta',
      parentId: 'wrk_e89b43f381154e14b5a0a081f98e7fde',
      modified: 1681740293023,
      created: 1681740293020,
      activeActivity: 'debug',
      activeEnvironmentId: null,
      activeRequestId: 'req_13b354a6fed04633969132b084aa22cc',
      activeUnitTestSuiteId: 'uts_2386719fa68749d68333c52f9dea86f0',
      cachedGitLastAuthor: null,
      cachedGitLastCommitTime: null,
      cachedGitRepositoryBranch: null,
      gitRepositoryId: null,
      hasSeen: true,
      paneHeight: 0.5,
      paneWidth: 0.5,
      sidebarFilter: '',
      sidebarHidden: false,
      sidebarWidth: 19,
      pushSnapshotOnInitialize: false
    }
  }
}
