2023-07-29 16:25:57.288 [info] Reading sessions from keychain...
2023-07-29 16:25:57.288 [info] Getting sessions for all scopes...
2023-07-29 16:25:57.288 [info] Getting sessions for user:email...
2023-07-29 16:25:58.548 [info] Getting sessions for all scopes...
2023-07-29 16:26:00.759 [info] Getting sessions for read:user...
2023-07-29 16:26:13.667 [info] Got stored sessions!
2023-07-29 16:26:13.667 [info] Got 2 verified sessions.
2023-07-29 16:26:13.667 [info] Got 2 sessions for ...
2023-07-29 16:26:13.668 [info] Got 1 sessions for user:email...
2023-07-29 16:26:13.668 [info] Got 2 sessions for ...
2023-07-29 16:26:13.668 [info] Got 0 sessions for read:user...
2023-07-29 16:26:13.668 [info] Reading sessions from keychain...
2023-07-29 16:26:13.668 [info] Reading sessions from keychain...
2023-07-29 16:26:13.670 [info] Got stored sessions!
2023-07-29 16:26:13.670 [info] Got 2 verified sessions.
2023-07-29 16:26:13.707 [info] Got stored sessions!
2023-07-29 16:26:13.707 [info] Got 2 verified sessions.
2023-07-29 16:26:13.726 [info] Getting sessions for user:email...
2023-07-29 16:26:13.726 [info] Got 1 sessions for user:email...
2023-07-29 16:26:13.778 [info] Getting sessions for all scopes...
2023-07-29 16:26:13.778 [info] Got 2 sessions for ...
2023-07-29 16:26:25.847 [info] Reading sessions from keychain...
2023-07-29 16:26:25.847 [info] Getting sessions for all scopes...
2023-07-29 16:26:25.848 [info] Getting sessions for user:email...
2023-07-29 16:26:25.939 [info] Got stored sessions!
2023-07-29 16:26:25.939 [info] Got 2 verified sessions.
2023-07-29 16:26:25.940 [info] Got 2 sessions for ...
2023-07-29 16:26:25.940 [info] Got 1 sessions for user:email...
2023-07-29 16:26:25.995 [info] Getting sessions for read:user...
2023-07-29 16:26:25.995 [info] Got 0 sessions for read:user...
2023-07-29 16:26:26.319 [info] Getting sessions for all scopes...
2023-07-29 16:26:26.319 [info] Got 2 sessions for ...
2023-07-29 16:26:26.358 [info] Getting sessions for user:email...
2023-07-29 16:26:26.358 [info] Got 1 sessions for user:email...
2023-07-29 16:26:27.171 [info] Getting sessions for all scopes...
2023-07-29 16:26:27.171 [info] Got 2 sessions for ...
